#
# A fatal error has been detected by the Java Runtime Environment:
#
#  EXCEPTION_ACCESS_VIOLATION (0xc0000005) at pc=0x0000000067149978, pid=2368, tid=0x0000000000001dc0
#
# JRE version: Java(TM) SE Runtime Environment (8.0_161-b12) (build 1.8.0_161-b12)
# Java VM: Java HotSpot(TM) 64-Bit Server VM (25.161-b12 mixed mode windows-amd64 compressed oops)
# Problematic frame:
# V  [jvm.dll+0x159978]
#
# Failed to write core dump. Minidumps are not enabled by default on client versions of Windows
#
# If you would like to submit a bug report, please visit:
#   http://bugreport.java.com/bugreport/crash.jsp
#

---------------  T H R E A D  ---------------

Current thread (0x000000001fdae800):  JavaThread "restartedMain" [_thread_in_vm, id=7616, stack(0x0000000021360000,0x0000000021460000)]

siginfo: ExceptionCode=0xc0000005, reading address 0x0000000000000000

Registers:
RAX=0x0000000000000000, RBX=0x000000001fdae800, RCX=0x0000000000000e80, RDX=0x0000000000000000
RSP=0x000000002145ddf0, RBP=0x000000000000017f, RSI=0x0000000000000000, RDI=0x0000000000000000
R8 =0x0000000000000000, R9 =0x000000000000017f, R10=0x0000000003048c3b, R11=0x000000006721bcb0
R12=0x0000000000000001, R13=0x0000000000000000, R14=0x000000002145dfb0, R15=0x0000000000000000
RIP=0x0000000067149978, EFLAGS=0x0000000000010246

Top of Stack: (sp=0x000000002145ddf0)
0x000000002145ddf0:   0000000000000000 0000000000000000
0x000000002145de00:   000000002145de00 0000000000000000
0x000000002145de10:   0000000000000000 000000002b312e74
0x000000002145de20:   000000001fdae800 000000001fdae800
0x000000002145de30:   0000000029ed87d0 0000000000000000
0x000000002145de40:   000000001fdae800 000000001fda6bb0
0x000000002145de50:   0000000029ed87d0 0000000000000000
0x000000002145de60:   0000000029ed87d0 000000002b312e9a
0x000000002145de70:   000000002145ea28 000000001fdae9f8
0x000000002145de80:   00000000000003d8 000000001f884540
0x000000002145de90:   0000000029ed87d0 000000001fdae800
0x000000002145dea0:   0000000029ed87d0 000000001fdae800
0x000000002145deb0:   0000000000000000 0000000003048ad7
0x000000002145dec0:   0000000029ed87d0 0000000000200021
0x000000002145ded0:   0000000000000000 000000002145df78
0x000000002145dee0:   0000000000000000 0000000003048c67 

Instructions: (pc=0x0000000067149978)
0x0000000067149958:   85 c0 75 0a 8b 43 30 a9 00 00 00 30 74 08 48 8b
0x0000000067149968:   cb e8 52 94 0e 00 c7 83 70 02 00 00 06 00 00 00
0x0000000067149978:   4c 8b 06 48 63 15 4a cb 69 00 44 0f b6 0d 56 6b
0x0000000067149988:   6b 00 8b 0d 08 9e 64 00 4c 8b 15 f9 9d 64 00 49 


Register to memory mapping:

RAX=0x0000000000000000 is an unknown value
RBX=0x000000001fdae800 is a thread
RCX=0x0000000000000e80 is an unknown value
RDX=0x0000000000000000 is an unknown value
RSP=0x000000002145ddf0 is pointing into the stack for thread: 0x000000001fdae800
RBP=0x000000000000017f is an unknown value
RSI=0x0000000000000000 is an unknown value
RDI=0x0000000000000000 is an unknown value
R8 =0x0000000000000000 is an unknown value
R9 =0x000000000000017f is an unknown value
R10=0x0000000003048c3b is at code_begin+891 in an Interpreter codelet
method entry point (kind = native)  [0x00000000030488c0, 0x0000000003049280]  2496 bytes
R11=0x000000006721bcb0 is an unknown value
R12=0x0000000000000001 is an unknown value
R13=0x0000000000000000 is an unknown value
R14=0x000000002145dfb0 is pointing into the stack for thread: 0x000000001fdae800
R15=0x0000000000000000 is an unknown value


Stack: [0x0000000021360000,0x0000000021460000],  sp=0x000000002145ddf0,  free space=1015k
Native frames: (J=compiled Java code, j=interpreted, Vv=VM code, C=native code)
V  [jvm.dll+0x159978]
C  [jnotify_64bit.dll+0x2e9a]

Java frames: (J=compiled Java code, j=interpreted, Vv=VM code)
j  net.contentobjects.jnotify.win32.JNotify_win32.nativeAddWatch(Ljava/lang/String;JZ)I+0
j  net.contentobjects.jnotify.win32.JNotify_win32.addWatch(Ljava/lang/String;JZ)I+3
j  net.contentobjects.jnotify.win32.JNotifyAdapterWin32.addWatch(Ljava/lang/String;IZLnet/contentobjects/jnotify/JNotifyListener;)I+5
j  net.contentobjects.jnotify.JNotify.addWatch(Ljava/lang/String;IZLnet/contentobjects/jnotify/JNotifyListener;)I+7
j  com.rdexpense.manager.imgsys.ImgFileCreationMonitor.beginWatch()V+14
j  com.rdexpense.manager.imgsys.ApplicationStartup.onApplicationEvent(Lorg/springframework/context/event/ContextRefreshedEvent;)V+60
j  com.rdexpense.manager.imgsys.ApplicationStartup.onApplicationEvent(Lorg/springframework/context/ApplicationEvent;)V+5
j  org.springframework.context.event.SimpleApplicationEventMulticaster.doInvokeListener(Lorg/springframework/context/ApplicationListener;Lorg/springframework/context/ApplicationEvent;)V+2
j  org.springframework.context.event.SimpleApplicationEventMulticaster.invokeListener(Lorg/springframework/context/ApplicationListener;Lorg/springframework/context/ApplicationEvent;)V+34
j  org.springframework.context.event.SimpleApplicationEventMulticaster.multicastEvent(Lorg/springframework/context/ApplicationEvent;Lorg/springframework/core/ResolvableType;)V+83
j  org.springframework.context.support.AbstractApplicationContext.publishEvent(Ljava/lang/Object;Lorg/springframework/core/ResolvableType;)V+70
j  org.springframework.context.support.AbstractApplicationContext.publishEvent(Lorg/springframework/context/ApplicationEvent;)V+3
j  org.springframework.context.support.AbstractApplicationContext.finishRefresh()V+26
j  org.springframework.context.support.AbstractApplicationContext.refresh()V+58
j  org.springframework.boot.web.servlet.context.ServletWebServerApplicationContext.refresh()V+1
j  org.springframework.boot.SpringApplication.refresh(Lorg/springframework/context/ConfigurableApplicationContext;)V+1
j  org.springframework.boot.SpringApplication.refresh(Lorg/springframework/context/ApplicationContext;)V+11
j  org.springframework.boot.SpringApplication.refreshContext(Lorg/springframework/context/ConfigurableApplicationContext;)V+2
j  org.springframework.boot.SpringApplication.run([Ljava/lang/String;)Lorg/springframework/context/ConfigurableApplicationContext;+118
j  com.rdexpense.RdexpenseApplication.main([Ljava/lang/String;)V+19
v  ~StubRoutines::call_stub
j  sun.reflect.NativeMethodAccessorImpl.invoke0(Ljava/lang/reflect/Method;Ljava/lang/Object;[Ljava/lang/Object;)Ljava/lang/Object;+0
j  sun.reflect.NativeMethodAccessorImpl.invoke(Ljava/lang/Object;[Ljava/lang/Object;)Ljava/lang/Object;+100
j  sun.reflect.DelegatingMethodAccessorImpl.invoke(Ljava/lang/Object;[Ljava/lang/Object;)Ljava/lang/Object;+6
j  java.lang.reflect.Method.invoke(Ljava/lang/Object;[Ljava/lang/Object;)Ljava/lang/Object;+56
j  org.springframework.boot.devtools.restart.RestartLauncher.run()V+41
v  ~StubRoutines::call_stub

---------------  P R O C E S S  ---------------

Java Threads: ( => current thread )
  0x0000000024ee0000 JavaThread "lettuce-eventExecutorLoop-1-3" daemon [_thread_blocked, id=16640, stack(0x000000002b210000,0x000000002b310000)]
  0x0000000024edf000 JavaThread "lettuce-eventExecutorLoop-1-2" daemon [_thread_blocked, id=16048, stack(0x000000002b110000,0x000000002b210000)]
  0x0000000024ee2000 JavaThread "lettuce-eventExecutorLoop-1-1" daemon [_thread_blocked, id=1160, stack(0x000000002b010000,0x000000002b110000)]
  0x0000000024ede800 JavaThread "lettuce-nioEventLoop-6-1" daemon [_thread_in_native, id=3292, stack(0x0000000029f00000,0x000000002a000000)]
  0x0000000024ed7000 JavaThread "Keep-Alive-Timer" daemon [_thread_blocked, id=20516, stack(0x0000000029c00000,0x0000000029d00000)]
  0x0000000024edd800 JavaThread "http-nio-1011-Acceptor" daemon [_thread_in_native, id=15704, stack(0x0000000029900000,0x0000000029a00000)]
  0x0000000024edd000 JavaThread "http-nio-1011-ClientPoller" daemon [_thread_in_native, id=3288, stack(0x0000000029800000,0x0000000029900000)]
  0x0000000024ed7800 JavaThread "http-nio-1011-exec-10" daemon [_thread_blocked, id=20952, stack(0x0000000029700000,0x0000000029800000)]
  0x0000000024ed5800 JavaThread "http-nio-1011-exec-9" daemon [_thread_blocked, id=18192, stack(0x0000000029600000,0x0000000029700000)]
  0x0000000024edc000 JavaThread "http-nio-1011-exec-8" daemon [_thread_blocked, id=21308, stack(0x0000000029500000,0x0000000029600000)]
  0x0000000024ed4800 JavaThread "http-nio-1011-exec-7" daemon [_thread_blocked, id=13980, stack(0x0000000029400000,0x0000000029500000)]
  0x0000000024ed6000 JavaThread "http-nio-1011-exec-6" daemon [_thread_blocked, id=2688, stack(0x0000000029300000,0x0000000029400000)]
  0x0000000024edb800 JavaThread "http-nio-1011-exec-5" daemon [_thread_blocked, id=20412, stack(0x0000000029200000,0x0000000029300000)]
  0x0000000024ed4000 JavaThread "http-nio-1011-exec-4" daemon [_thread_blocked, id=5104, stack(0x0000000029100000,0x0000000029200000)]
  0x0000000024ed8800 JavaThread "http-nio-1011-exec-3" daemon [_thread_blocked, id=2480, stack(0x0000000029000000,0x0000000029100000)]
  0x0000000024eda000 JavaThread "http-nio-1011-exec-2" daemon [_thread_blocked, id=15224, stack(0x0000000028f00000,0x0000000029000000)]
  0x0000000024eda800 JavaThread "http-nio-1011-exec-1" daemon [_thread_blocked, id=12896, stack(0x0000000028e00000,0x0000000028f00000)]
  0x0000000024ed9000 JavaThread "http-nio-1011-BlockPoller" daemon [_thread_in_native, id=21492, stack(0x0000000028d00000,0x0000000028e00000)]
  0x00000000204f3000 JavaThread "File Watcher" daemon [_thread_blocked, id=6180, stack(0x0000000028c00000,0x0000000028d00000)]
  0x0000000023662800 JavaThread "redisson-netty-4-32" [_thread_in_native, id=18396, stack(0x0000000028400000,0x0000000028500000)]
  0x0000000023661800 JavaThread "redisson-netty-4-31" [_thread_in_native, id=17296, stack(0x0000000028300000,0x0000000028400000)]
  0x0000000023661000 JavaThread "redisson-netty-4-30" [_thread_in_native, id=13160, stack(0x0000000028200000,0x0000000028300000)]
  0x000000002365e800 JavaThread "redisson-netty-4-29" [_thread_in_native, id=13640, stack(0x0000000028100000,0x0000000028200000)]
  0x0000000023660000 JavaThread "redisson-netty-4-28" [_thread_in_native, id=18376, stack(0x0000000028000000,0x0000000028100000)]
  0x000000002365f800 JavaThread "redisson-netty-4-27" [_thread_in_native, id=17228, stack(0x0000000027f00000,0x0000000028000000)]
  0x0000000023657000 JavaThread "redisson-netty-4-26" [_thread_in_native, id=7212, stack(0x0000000027e00000,0x0000000027f00000)]
  0x000000002365e000 JavaThread "redisson-netty-4-25" [_thread_in_native, id=18820, stack(0x0000000027d00000,0x0000000027e00000)]
  0x000000002365d000 JavaThread "redisson-netty-4-24" [_thread_in_native, id=744, stack(0x0000000027c00000,0x0000000027d00000)]
  0x0000000023655800 JavaThread "redisson-netty-4-23" [_thread_in_native, id=4268, stack(0x0000000027b00000,0x0000000027c00000)]
  0x000000002365c800 JavaThread "redisson-netty-4-22" [_thread_in_native, id=10276, stack(0x0000000027a00000,0x0000000027b00000)]
  0x0000000023655000 JavaThread "redisson-netty-4-21" [_thread_in_native, id=5688, stack(0x0000000027900000,0x0000000027a00000)]
  0x000000002365b800 JavaThread "redisson-netty-4-20" [_thread_in_native, id=20752, stack(0x0000000027800000,0x0000000027900000)]
  0x000000002365b000 JavaThread "redisson-netty-4-19" [_thread_in_native, id=18476, stack(0x0000000027700000,0x0000000027800000)]
  0x0000000023653800 JavaThread "redisson-netty-4-18" [_thread_in_native, id=4764, stack(0x0000000027600000,0x0000000027700000)]
  0x000000002365a000 JavaThread "redisson-netty-4-17" [_thread_in_native, id=3384, stack(0x0000000027500000,0x0000000027600000)]
  0x0000000023656800 JavaThread "redisson-netty-4-16" [_thread_in_native, id=21736, stack(0x0000000027400000,0x0000000027500000)]
  0x0000000023658800 JavaThread "redisson-netty-4-15" [_thread_in_native, id=18516, stack(0x0000000027300000,0x0000000027400000)]
  0x0000000023658000 JavaThread "redisson-netty-4-14" [_thread_in_native, id=17828, stack(0x0000000027200000,0x0000000027300000)]
  0x0000000023659800 JavaThread "redisson-netty-4-13" [_thread_in_native, id=21932, stack(0x0000000026c00000,0x0000000026d00000)]
  0x0000000023654000 JavaThread "redisson-netty-4-12" [_thread_in_native, id=22484, stack(0x0000000027100000,0x0000000027200000)]
  0x00000000204f0800 JavaThread "redisson-netty-4-11" [_thread_in_native, id=10252, stack(0x0000000027000000,0x0000000027100000)]
  0x00000000204ef000 JavaThread "redisson-netty-4-10" [_thread_in_native, id=14440, stack(0x0000000026f00000,0x0000000027000000)]
  0x00000000204f2000 JavaThread "redisson-netty-4-9" [_thread_in_native, id=20884, stack(0x0000000026e00000,0x0000000026f00000)]
  0x00000000204ee000 JavaThread "redisson-netty-4-8" [_thread_in_native, id=11536, stack(0x0000000026d00000,0x0000000026e00000)]
  0x00000000204f5000 JavaThread "redisson-netty-4-7" [_thread_in_native, id=11956, stack(0x0000000026b00000,0x0000000026c00000)]
  0x00000000204f1800 JavaThread "redisson-netty-4-6" [_thread_in_native, id=22084, stack(0x0000000026a00000,0x0000000026b00000)]
  0x00000000204ef800 JavaThread "redisson-netty-4-5" [_thread_in_native, id=22068, stack(0x0000000026900000,0x0000000026a00000)]
  0x00000000204f3800 JavaThread "redisson-netty-4-4" [_thread_in_native, id=12144, stack(0x0000000026800000,0x0000000026900000)]
  0x00000000204f4800 JavaThread "redisson-netty-4-3" [_thread_in_native, id=20064, stack(0x0000000026700000,0x0000000026800000)]
  0x00000000235e9000 JavaThread "redisson-netty-4-2" [_thread_in_native, id=20184, stack(0x0000000026600000,0x0000000026700000)]
  0x00000000235ea800 JavaThread "redisson-netty-4-1" [_thread_in_native, id=4700, stack(0x0000000026400000,0x0000000026500000)]
  0x00000000235ea000 JavaThread "Thread-26" daemon [_thread_in_native, id=14384, stack(0x0000000026100000,0x0000000026200000)]
  0x00000000235e8800 JavaThread "RMI TCP Connection(3)-192.168.56.1" daemon [_thread_in_native, id=18888, stack(0x0000000025800000,0x0000000025900000)]
  0x00000000235e7800 JavaThread "container-0" [_thread_blocked, id=4456, stack(0x0000000024330000,0x0000000024430000)]
  0x00000000235b1000 JavaThread "Catalina-utility-2" [_thread_blocked, id=21476, stack(0x0000000021d60000,0x0000000021e60000)]
  0x00000000235af000 JavaThread "Catalina-utility-1" [_thread_blocked, id=20332, stack(0x0000000021460000,0x0000000021560000)]
  0x0000000020030800 JavaThread "RMI Scheduler(0)" daemon [_thread_blocked, id=8264, stack(0x0000000021c60000,0x0000000021d60000)]
  0x000000001f369000 JavaThread "RMI TCP Connection(2)-192.168.56.1" daemon [_thread_in_native, id=13432, stack(0x0000000021b60000,0x0000000021c60000)]
=>0x000000001fdae800 JavaThread "restartedMain" [_thread_in_vm, id=7616, stack(0x0000000021360000,0x0000000021460000)]
  0x000000001fda1000 JavaThread "Thread-1" [_thread_blocked, id=20856, stack(0x0000000021260000,0x0000000021360000)]
  0x000000001fb3e000 JavaThread "RMI TCP Accept-0" daemon [_thread_in_native, id=4204, stack(0x0000000020db0000,0x0000000020eb0000)]
  0x000000001f924000 JavaThread "Service Thread" daemon [_thread_blocked, id=14832, stack(0x0000000020cb0000,0x0000000020db0000)]
  0x000000001f88b000 JavaThread "C1 CompilerThread3" daemon [_thread_blocked, id=20424, stack(0x0000000020bb0000,0x0000000020cb0000)]
  0x000000001f88a800 JavaThread "C2 CompilerThread2" daemon [_thread_blocked, id=924, stack(0x0000000020ab0000,0x0000000020bb0000)]
  0x000000001f887800 JavaThread "C2 CompilerThread1" daemon [_thread_blocked, id=20024, stack(0x00000000209b0000,0x0000000020ab0000)]
  0x000000001f883000 JavaThread "C2 CompilerThread0" daemon [_thread_blocked, id=21888, stack(0x00000000208b0000,0x00000000209b0000)]
  0x000000001f87d000 JavaThread "Monitor Ctrl-Break" daemon [_thread_in_native, id=11968, stack(0x00000000207b0000,0x00000000208b0000)]
  0x000000001e928800 JavaThread "Attach Listener" daemon [_thread_blocked, id=21056, stack(0x000000001eee0000,0x000000001efe0000)]
  0x000000001e981000 JavaThread "Signal Dispatcher" daemon [_thread_blocked, id=10260, stack(0x000000001ede0000,0x000000001eee0000)]
  0x000000001e900800 JavaThread "Finalizer" daemon [_thread_blocked, id=20756, stack(0x000000001ece0000,0x000000001ede0000)]
  0x000000001c9f4000 JavaThread "Reference Handler" daemon [_thread_blocked, id=16664, stack(0x000000001e7e0000,0x000000001e8e0000)]
  0x0000000002e0c000 JavaThread "main" [_thread_blocked, id=18776, stack(0x0000000002d00000,0x0000000002e00000)]

Other Threads:
  0x000000001c9eb000 VMThread [stack: 0x000000001e6e0000,0x000000001e7e0000] [id=8156]
  0x000000001fb37800 WatcherThread [stack: 0x0000000020eb0000,0x0000000020fb0000] [id=7364]

VM state:not at safepoint (normal execution)

VM Mutex/Monitor currently owned by a thread: None

Heap:
 PSYoungGen      total 879104K, used 262659K [0x000000076b700000, 0x00000007a5f80000, 0x00000007c0000000)
  eden space 839168K, 31% used [0x000000076b700000,0x000000077b780e28,0x000000079ea80000)
  from space 39936K, 0% used [0x00000007a3880000,0x00000007a3880000,0x00000007a5f80000)
  to   space 59904K, 0% used [0x000000079ea80000,0x000000079ea80000,0x00000007a2500000)
 ParOldGen       total 259584K, used 43003K [0x00000006c2400000, 0x00000006d2180000, 0x000000076b700000)
  object space 259584K, 16% used [0x00000006c2400000,0x00000006c4dfedc8,0x00000006d2180000)
 Metaspace       used 67273K, capacity 70726K, committed 70912K, reserved 1110016K
  class space    used 8782K, capacity 9386K, committed 9472K, reserved 1048576K

Card table byte_map: [0x00000000123f0000,0x0000000012be0000] byte_map_base: 0x000000000edde000

Marking Bits: (ParMarkBitMap*) 0x000000006780f860
 Begin Bits: [0x0000000013930000, 0x00000000178a0000)
 End Bits:   [0x00000000178a0000, 0x000000001b810000)

Polling page: 0x0000000000b70000

CodeCache: size=245760Kb used=15097Kb max_used=15097Kb free=230662Kb
 bounds [0x0000000003030000, 0x0000000003ef0000, 0x0000000012030000]
 total_blobs=8410 nmethods=7787 adapters=534
 compilation: enabled

Compilation events (10 events):
Event: 21.719 Thread 0x000000001f88b000 7893       1       java.lang.invoke.MethodTypeForm::pack (54 bytes)
Event: 21.719 Thread 0x000000001f88b000 nmethod 7893 0x0000000003eeda90 code [0x0000000003eedbe0, 0x0000000003eedcf0]
Event: 21.720 Thread 0x000000001f88b000 7894       1       sun.invoke.util.Wrapper::isSubwordOrInt (20 bytes)
Event: 21.720 Thread 0x000000001f88b000 nmethod 7894 0x0000000003eee1d0 code [0x0000000003eee320, 0x0000000003eee4b0]
Event: 21.721 Thread 0x000000001f88b000 7899       1       java.lang.ThreadGroup::getMaxPriority (5 bytes)
Event: 21.721 Thread 0x000000001f88b000 nmethod 7899 0x0000000003eee510 code [0x0000000003eee660, 0x0000000003eee770]
Event: 21.722 Thread 0x000000001f88b000 7902       1       io.netty.util.internal.ObjectUtil::checkPositiveOrZero (42 bytes)
Event: 21.723 Thread 0x000000001f88b000 nmethod 7902 0x0000000003eeef50 code [0x0000000003eef100, 0x0000000003eef4d8]
Event: 21.723 Thread 0x000000001f88b000 7903       1       io.netty.buffer.PooledByteBuf::capacity (5 bytes)
Event: 21.723 Thread 0x000000001f88b000 nmethod 7903 0x0000000003eef750 code [0x0000000003eef8a0, 0x0000000003eef9b0]

GC Heap History (10 events):
Event: 12.451 GC heap before
{Heap before GC invocations=14 (full 2):
 PSYoungGen      total 539136K, used 93648K [0x000000076b700000, 0x000000079b680000, 0x00000007c0000000)
  eden space 470528K, 15% used [0x000000076b700000,0x000000076fcabc78,0x0000000788280000)
  from space 68608K, 32% used [0x0000000788280000,0x00000007898485f8,0x000000078c580000)
  to   space 65024K, 0% used [0x0000000797700000,0x0000000797700000,0x000000079b680000)
 ParOldGen       total 235008K, used 93523K [0x00000006c2400000, 0x00000006d0980000, 0x000000076b700000)
  object space 235008K, 39% used [0x00000006c2400000,0x00000006c7f54c88,0x00000006d0980000)
 Metaspace       used 38127K, capacity 40052K, committed 40108K, reserved 1083392K
  class space    used 4949K, capacity 5328K, committed 5376K, reserved 1048576K
Event: 12.461 GC heap after
Heap after GC invocations=14 (full 2):
 PSYoungGen      total 720896K, used 3479K [0x000000076b700000, 0x000000079ba00000, 0x00000007c0000000)
  eden space 655872K, 0% used [0x000000076b700000,0x000000076b700000,0x0000000793780000)
  from space 65024K, 5% used [0x0000000797700000,0x0000000797a65d30,0x000000079b680000)
  to   space 65024K, 0% used [0x0000000793780000,0x0000000793780000,0x0000000797700000)
 ParOldGen       total 235008K, used 102093K [0x00000006c2400000, 0x00000006d0980000, 0x000000076b700000)
  object space 235008K, 43% used [0x00000006c2400000,0x00000006c87b3458,0x00000006d0980000)
 Metaspace       used 38127K, capacity 40052K, committed 40108K, reserved 1083392K
  class space    used 4949K, capacity 5328K, committed 5376K, reserved 1048576K
}
Event: 12.461 GC heap before
{Heap before GC invocations=15 (full 3):
 PSYoungGen      total 720896K, used 3479K [0x000000076b700000, 0x000000079ba00000, 0x00000007c0000000)
  eden space 655872K, 0% used [0x000000076b700000,0x000000076b700000,0x0000000793780000)
  from space 65024K, 5% used [0x0000000797700000,0x0000000797a65d30,0x000000079b680000)
  to   space 65024K, 0% used [0x0000000793780000,0x0000000793780000,0x0000000797700000)
 ParOldGen       total 235008K, used 102093K [0x00000006c2400000, 0x00000006d0980000, 0x000000076b700000)
  object space 235008K, 43% used [0x00000006c2400000,0x00000006c87b3458,0x00000006d0980000)
 Metaspace       used 38127K, capacity 40052K, committed 40108K, reserved 1083392K
  class space    used 4949K, capacity 5328K, committed 5376K, reserved 1048576K
Event: 12.626 GC heap after
Heap after GC invocations=15 (full 3):
 PSYoungGen      total 720896K, used 0K [0x000000076b700000, 0x000000079ba00000, 0x00000007c0000000)
  eden space 655872K, 0% used [0x000000076b700000,0x000000076b700000,0x0000000793780000)
  from space 65024K, 0% used [0x0000000797700000,0x0000000797700000,0x000000079b680000)
  to   space 65024K, 0% used [0x0000000793780000,0x0000000793780000,0x0000000797700000)
 ParOldGen       total 214016K, used 41647K [0x00000006c2400000, 0x00000006cf500000, 0x000000076b700000)
  object space 214016K, 19% used [0x00000006c2400000,0x00000006c4cabe38,0x00000006cf500000)
 Metaspace       used 38127K, capacity 40052K, committed 40108K, reserved 1083392K
  class space    used 4949K, capacity 5328K, committed 5376K, reserved 1048576K
}
Event: 17.723 GC heap before
{Heap before GC invocations=16 (full 3):
 PSYoungGen      total 720896K, used 655872K [0x000000076b700000, 0x000000079ba00000, 0x00000007c0000000)
  eden space 655872K, 100% used [0x000000076b700000,0x0000000793780000,0x0000000793780000)
  from space 65024K, 0% used [0x0000000797700000,0x0000000797700000,0x000000079b680000)
  to   space 65024K, 0% used [0x0000000793780000,0x0000000793780000,0x0000000797700000)
 ParOldGen       total 214016K, used 41648K [0x00000006c2400000, 0x00000006cf500000, 0x000000076b700000)
  object space 214016K, 19% used [0x00000006c2400000,0x00000006c4cac0a0,0x00000006cf500000)
 Metaspace       used 55127K, capacity 57786K, committed 57856K, reserved 1099776K
  class space    used 7153K, capacity 7667K, committed 7680K, reserved 1048576K
Event: 17.743 GC heap after
Heap after GC invocations=16 (full 3):
 PSYoungGen      total 720896K, used 26098K [0x000000076b700000, 0x00000007a7500000, 0x00000007c0000000)
  eden space 655872K, 0% used [0x000000076b700000,0x000000076b700000,0x0000000793780000)
  from space 65024K, 40% used [0x0000000793780000,0x00000007950fc958,0x0000000797700000)
  to   space 61952K, 0% used [0x00000007a3880000,0x00000007a3880000,0x00000007a7500000)
 ParOldGen       total 214016K, used 41656K [0x00000006c2400000, 0x00000006cf500000, 0x000000076b700000)
  object space 214016K, 19% used [0x00000006c2400000,0x00000006c4cae0a0,0x00000006cf500000)
 Metaspace       used 55127K, capacity 57786K, committed 57856K, reserved 1099776K
  class space    used 7153K, capacity 7667K, committed 7680K, reserved 1048576K
}
Event: 19.653 GC heap before
{Heap before GC invocations=17 (full 3):
 PSYoungGen      total 720896K, used 316141K [0x000000076b700000, 0x00000007a7500000, 0x00000007c0000000)
  eden space 655872K, 44% used [0x000000076b700000,0x000000077d23ee78,0x0000000793780000)
  from space 65024K, 40% used [0x0000000793780000,0x00000007950fc958,0x0000000797700000)
  to   space 61952K, 0% used [0x00000007a3880000,0x00000007a3880000,0x00000007a7500000)
 ParOldGen       total 214016K, used 41656K [0x00000006c2400000, 0x00000006cf500000, 0x000000076b700000)
  object space 214016K, 19% used [0x00000006c2400000,0x00000006c4cae0a0,0x00000006cf500000)
 Metaspace       used 63421K, capacity 66692K, committed 66816K, reserved 1107968K
  class space    used 8324K, capacity 8907K, committed 8960K, reserved 1048576K
Event: 19.668 GC heap after
Heap after GC invocations=17 (full 3):
 PSYoungGen      total 879104K, used 14044K [0x000000076b700000, 0x00000007a5f80000, 0x00000007c0000000)
  eden space 839168K, 0% used [0x000000076b700000,0x000000076b700000,0x000000079ea80000)
  from space 39936K, 35% used [0x00000007a3880000,0x00000007a46372d8,0x00000007a5f80000)
  to   space 59904K, 0% used [0x000000079ea80000,0x000000079ea80000,0x00000007a2500000)
 ParOldGen       total 214016K, used 54743K [0x00000006c2400000, 0x00000006cf500000, 0x000000076b700000)
  object space 214016K, 25% used [0x00000006c2400000,0x00000006c5975d30,0x00000006cf500000)
 Metaspace       used 63421K, capacity 66692K, committed 66816K, reserved 1107968K
  class space    used 8324K, capacity 8907K, committed 8960K, reserved 1048576K
}
Event: 19.668 GC heap before
{Heap before GC invocations=18 (full 4):
 PSYoungGen      total 879104K, used 14044K [0x000000076b700000, 0x00000007a5f80000, 0x00000007c0000000)
  eden space 839168K, 0% used [0x000000076b700000,0x000000076b700000,0x000000079ea80000)
  from space 39936K, 35% used [0x00000007a3880000,0x00000007a46372d8,0x00000007a5f80000)
  to   space 59904K, 0% used [0x000000079ea80000,0x000000079ea80000,0x00000007a2500000)
 ParOldGen       total 214016K, used 54743K [0x00000006c2400000, 0x00000006cf500000, 0x000000076b700000)
  object space 214016K, 25% used [0x00000006c2400000,0x00000006c5975d30,0x00000006cf500000)
 Metaspace       used 63421K, capacity 66692K, committed 66816K, reserved 1107968K
  class space    used 8324K, capacity 8907K, committed 8960K, reserved 1048576K
Event: 19.777 GC heap after
Heap after GC invocations=18 (full 4):
 PSYoungGen      total 879104K, used 0K [0x000000076b700000, 0x00000007a5f80000, 0x00000007c0000000)
  eden space 839168K, 0% used [0x000000076b700000,0x000000076b700000,0x000000079ea80000)
  from space 39936K, 0% used [0x00000007a3880000,0x00000007a3880000,0x00000007a5f80000)
  to   space 59904K, 0% used [0x000000079ea80000,0x000000079ea80000,0x00000007a2500000)
 ParOldGen       total 259584K, used 43003K [0x00000006c2400000, 0x00000006d2180000, 0x000000076b700000)
  object space 259584K, 16% used [0x00000006c2400000,0x00000006c4dfedc8,0x00000006d2180000)
 Metaspace       used 63334K, capacity 66530K, committed 66816K, reserved 1107968K
  class space    used 8309K, capacity 8880K, committed 8960K, reserved 1048576K
}

Deoptimization events (0 events):
No events

Classes redefined (0 events):
No events

Internal exceptions (10 events):
Event: 20.706 Thread 0x000000001fdae800 Exception <a 'java/lang/ArrayIndexOutOfBoundsException'> (0x0000000777e2ce98) thrown at [C:\re\workspace\8-2-build-windows-amd64-cygwin\jdk8u161\10277\hotspot\src\share\vm\runtime\sharedRuntime.cpp, line 605]
Event: 20.706 Thread 0x000000001fdae800 Exception <a 'java/lang/ArrayIndexOutOfBoundsException'> (0x0000000777e2e550) thrown at [C:\re\workspace\8-2-build-windows-amd64-cygwin\jdk8u161\10277\hotspot\src\share\vm\runtime\sharedRuntime.cpp, line 605]
Event: 20.706 Thread 0x000000001fdae800 Exception <a 'java/lang/ArrayIndexOutOfBoundsException'> (0x0000000777e2fd50) thrown at [C:\re\workspace\8-2-build-windows-amd64-cygwin\jdk8u161\10277\hotspot\src\share\vm\runtime\sharedRuntime.cpp, line 605]
Event: 20.706 Thread 0x000000001fdae800 Exception <a 'java/lang/ArrayIndexOutOfBoundsException'> (0x0000000777e37cd8) thrown at [C:\re\workspace\8-2-build-windows-amd64-cygwin\jdk8u161\10277\hotspot\src\share\vm\runtime\sharedRuntime.cpp, line 605]
Event: 20.707 Thread 0x000000001fdae800 Exception <a 'java/lang/ArrayIndexOutOfBoundsException'> (0x0000000777e39070) thrown at [C:\re\workspace\8-2-build-windows-amd64-cygwin\jdk8u161\10277\hotspot\src\share\vm\runtime\sharedRuntime.cpp, line 605]
Event: 21.631 Thread 0x000000001fdae800 Exception <a 'java/lang/UnsatisfiedLinkError': io.netty.channel.epoll.Native.offsetofEpollData()I> (0x0000000779d969b8) thrown at [C:\re\workspace\8-2-build-windows-amd64-cygwin\jdk8u161\10277\hotspot\src\share\vm\prims\nativeLookup.cpp, line 378]
Event: 21.631 Thread 0x000000001fdae800 Exception <a 'java/lang/ExceptionInInitializerError'> (0x0000000779d97660) thrown at [C:\re\workspace\8-2-build-windows-amd64-cygwin\jdk8u161\10277\hotspot\src\share\vm\oops\instanceKlass.cpp, line 964]
Event: 21.634 Thread 0x000000001fdae800 Exception <a 'java/lang/UnsatisfiedLinkError': io.netty.channel.kqueue.Native.sizeofKEvent()I> (0x0000000779e10220) thrown at [C:\re\workspace\8-2-build-windows-amd64-cygwin\jdk8u161\10277\hotspot\src\share\vm\prims\nativeLookup.cpp, line 378]
Event: 21.634 Thread 0x000000001fdae800 Exception <a 'java/lang/ExceptionInInitializerError'> (0x0000000779e10af8) thrown at [C:\re\workspace\8-2-build-windows-amd64-cygwin\jdk8u161\10277\hotspot\src\share\vm\oops\instanceKlass.cpp, line 964]
Event: 21.656 Thread 0x0000000024ede800 Exception <a 'java/lang/ArrayIndexOutOfBoundsException'> (0x000000077abbfd80) thrown at [C:\re\workspace\8-2-build-windows-amd64-cygwin\jdk8u161\10277\hotspot\src\share\vm\runtime\sharedRuntime.cpp, line 605]

Events (10 events):
Event: 21.723 loading class net/contentobjects/jnotify/win32/JNotifyAdapterWin32
Event: 21.723 loading class net/contentobjects/jnotify/win32/JNotifyAdapterWin32 done
Event: 21.724 loading class net/contentobjects/jnotify/IJNotify
Event: 21.724 loading class net/contentobjects/jnotify/IJNotify done
Event: 21.724 loading class net/contentobjects/jnotify/win32/JNotifyAdapterWin32$1
Event: 21.724 loading class net/contentobjects/jnotify/win32/JNotifyAdapterWin32$1 done
Event: 21.724 loading class net/contentobjects/jnotify/win32/IWin32NotifyListener
Event: 21.724 loading class net/contentobjects/jnotify/win32/IWin32NotifyListener done
Event: 21.724 loading class net/contentobjects/jnotify/win32/JNotify_win32
Event: 21.724 loading class net/contentobjects/jnotify/win32/JNotify_win32 done


Dynamic libraries:
0x00007ff697f40000 - 0x00007ff697f77000 	C:\Program Files\Java\jdk1.8.0_161\bin\java.exe
0x00007ffc1e000000 - 0x00007ffc1e1f0000 	C:\Windows\SYSTEM32\ntdll.dll
0x00007ffc1dd10000 - 0x00007ffc1ddc2000 	C:\Windows\System32\KERNEL32.DLL
0x00007ffc1b7b0000 - 0x00007ffc1ba55000 	C:\Windows\System32\KERNELBASE.dll
0x00007ffc1c2f0000 - 0x00007ffc1c393000 	C:\Windows\System32\ADVAPI32.dll
0x00007ffc1c520000 - 0x00007ffc1c5be000 	C:\Windows\System32\msvcrt.dll
0x00007ffc1ce50000 - 0x00007ffc1cee7000 	C:\Windows\System32\sechost.dll
0x00007ffc1d490000 - 0x00007ffc1d5af000 	C:\Windows\System32\RPCRT4.dll
0x00007ffc1c5c0000 - 0x00007ffc1c754000 	C:\Windows\System32\USER32.dll
0x00007ffc1bff0000 - 0x00007ffc1c011000 	C:\Windows\System32\win32u.dll
0x00007ffc1d810000 - 0x00007ffc1d836000 	C:\Windows\System32\GDI32.dll
0x00007ffc1bdf0000 - 0x00007ffc1bf88000 	C:\Windows\System32\gdi32full.dll
0x00007ffc1af70000 - 0x00007ffc1b00e000 	C:\Windows\System32\msvcp_win.dll
0x00007ffc1bb90000 - 0x00007ffc1bc8a000 	C:\Windows\System32\ucrtbase.dll
0x00007ffbfd8d0000 - 0x00007ffbfdb54000 	C:\Windows\WinSxS\amd64_microsoft.windows.common-controls_6595b64144ccf1df_6.0.18362.1556_none_9e7e372fe45e41d5\COMCTL32.dll
0x00007ffc1cf00000 - 0x00007ffc1d236000 	C:\Windows\System32\combase.dll
0x00007ffc1c020000 - 0x00007ffc1c0a1000 	C:\Windows\System32\bcryptPrimitives.dll
0x00007ffc1df90000 - 0x00007ffc1dfbe000 	C:\Windows\System32\IMM32.DLL
0x0000000067890000 - 0x0000000067962000 	C:\Program Files\Java\jdk1.8.0_161\jre\bin\msvcr100.dll
0x0000000066ff0000 - 0x000000006788f000 	C:\Program Files\Java\jdk1.8.0_161\jre\bin\server\jvm.dll
0x00007ffc1df80000 - 0x00007ffc1df88000 	C:\Windows\System32\PSAPI.DLL
0x00007ffc18250000 - 0x00007ffc18274000 	C:\Windows\SYSTEM32\WINMM.dll
0x00007ffc135f0000 - 0x00007ffc135fa000 	C:\Windows\SYSTEM32\VERSION.dll
0x00007ffbf5310000 - 0x00007ffbf5319000 	C:\Windows\SYSTEM32\WSOCK32.dll
0x00007ffc1d240000 - 0x00007ffc1d2af000 	C:\Windows\System32\WS2_32.dll
0x00007ffc18220000 - 0x00007ffc1824d000 	C:\Windows\SYSTEM32\WINMMBASE.dll
0x00007ffc1ba90000 - 0x00007ffc1bada000 	C:\Windows\System32\cfgmgr32.dll
0x0000000066fe0000 - 0x0000000066fef000 	C:\Program Files\Java\jdk1.8.0_161\jre\bin\verify.dll
0x0000000066fb0000 - 0x0000000066fd9000 	C:\Program Files\Java\jdk1.8.0_161\jre\bin\java.dll
0x0000000066f10000 - 0x0000000066f33000 	C:\Program Files\Java\jdk1.8.0_161\jre\bin\instrument.dll
0x0000000066f90000 - 0x0000000066fa6000 	C:\Program Files\Java\jdk1.8.0_161\jre\bin\zip.dll
0x00007ffc1c760000 - 0x00007ffc1ce47000 	C:\Windows\System32\SHELL32.dll
0x00007ffc1d620000 - 0x00007ffc1d6c8000 	C:\Windows\System32\shcore.dll
0x00007ffc1b010000 - 0x00007ffc1b78b000 	C:\Windows\System32\windows.storage.dll
0x00007ffc1af50000 - 0x00007ffc1af6e000 	C:\Windows\System32\profapi.dll
0x00007ffc1af00000 - 0x00007ffc1af4a000 	C:\Windows\System32\powrprof.dll
0x00007ffc1aeb0000 - 0x00007ffc1aec0000 	C:\Windows\System32\UMPDC.dll
0x00007ffc1d350000 - 0x00007ffc1d3a2000 	C:\Windows\System32\shlwapi.dll
0x00007ffc1aec0000 - 0x00007ffc1aed1000 	C:\Windows\System32\kernel.appcore.dll
0x00007ffc1b790000 - 0x00007ffc1b7a7000 	C:\Windows\System32\cryptsp.dll
0x00007ffbfdf50000 - 0x00007ffbfdf6a000 	D:\tools\ideaIU-2019.3.win\bin\breakgen64.dll
0x0000000066f70000 - 0x0000000066f8a000 	C:\Program Files\Java\jdk1.8.0_161\jre\bin\net.dll
0x00007ffc1a6a0000 - 0x00007ffc1a707000 	C:\Windows\system32\mswsock.dll
0x00007ffc1a400000 - 0x00007ffc1a4cb000 	C:\Windows\SYSTEM32\DNSAPI.dll
0x00007ffc1d3b0000 - 0x00007ffc1d3b8000 	C:\Windows\System32\NSI.dll
0x00007ffc1a3c0000 - 0x00007ffc1a3fa000 	C:\Windows\SYSTEM32\IPHLPAPI.DLL
0x00007ffc0ef00000 - 0x00007ffc0ef0a000 	C:\Windows\System32\rasadhlp.dll
0x00007ffc11420000 - 0x00007ffc11497000 	C:\Windows\System32\fwpuclnt.dll
0x00007ffc1ba60000 - 0x00007ffc1ba86000 	C:\Windows\System32\bcrypt.dll
0x0000000066f40000 - 0x0000000066f4d000 	C:\Program Files\Java\jdk1.8.0_161\jre\bin\management.dll
0x0000000066f50000 - 0x0000000066f61000 	C:\Program Files\Java\jdk1.8.0_161\jre\bin\nio.dll
0x00007ffc1a1d0000 - 0x00007ffc1a203000 	C:\Windows\system32\rsaenh.dll
0x00007ffc1ada0000 - 0x00007ffc1adc5000 	C:\Windows\SYSTEM32\USERENV.dll
0x00007ffc1a820000 - 0x00007ffc1a82c000 	C:\Windows\SYSTEM32\CRYPTBASE.dll
0x00007ffc11ae0000 - 0x00007ffc11af6000 	C:\Windows\SYSTEM32\dhcpcsvc6.DLL
0x00007ffc11ac0000 - 0x00007ffc11adc000 	C:\Windows\SYSTEM32\dhcpcsvc.DLL
0x00007ffbf3dc0000 - 0x00007ffbf3dd6000 	C:\Windows\system32\napinsp.dll
0x00007ffbf3cc0000 - 0x00007ffbf3cda000 	C:\Windows\system32\pnrpnsp.dll
0x00007ffbf3c90000 - 0x00007ffbf3c9e000 	C:\Windows\System32\winrnr.dll
0x00007ffc16900000 - 0x00007ffc1691c000 	C:\Windows\system32\NLAapi.dll
0x00007ffc163a0000 - 0x00007ffc163b5000 	C:\Windows\system32\wshbth.dll
0x0000000066ee0000 - 0x0000000066f04000 	C:\Program Files\Java\jdk1.8.0_161\jre\bin\sunec.dll
0x0000000066ed0000 - 0x0000000066edb000 	C:\Program Files\Java\jdk1.8.0_161\jre\bin\sunmscapi.dll
0x00007ffc1bc90000 - 0x00007ffc1bde1000 	C:\Windows\System32\CRYPT32.dll
0x00007ffc1aee0000 - 0x00007ffc1aef2000 	C:\Windows\System32\MSASN1.dll
0x000000002b310000 - 0x000000002b41f000 	C:\Program Files\Java\jdk1.8.0_161\bin\jnotify_64bit.dll
0x00007ffc18280000 - 0x00007ffc18474000 	C:\Windows\SYSTEM32\dbghelp.dll

VM Arguments:
jvm_args: -XX:TieredStopAtLevel=1 -Xverify:none -Dspring.output.ansi.enabled=always -Dcom.sun.management.jmxremote -Dspring.jmx.enabled=true -Dspring.liveBeansView.mbeanDomain -Dspring.application.admin.enabled=true -javaagent:D:\tools\ideaIU-2019.3.win\lib\idea_rt.jar=50720:D:\tools\ideaIU-2019.3.win\bin -Dfile.encoding=UTF-8 
java_command: com.rdexpense.RdexpenseApplication
java_class_path (initial): C:\Program Files\Java\jdk1.8.0_161\jre\lib\charsets.jar;C:\Program Files\Java\jdk1.8.0_161\jre\lib\deploy.jar;C:\Program Files\Java\jdk1.8.0_161\jre\lib\ext\access-bridge-64.jar;C:\Program Files\Java\jdk1.8.0_161\jre\lib\ext\cldrdata.jar;C:\Program Files\Java\jdk1.8.0_161\jre\lib\ext\dnsns.jar;C:\Program Files\Java\jdk1.8.0_161\jre\lib\ext\jaccess.jar;C:\Program Files\Java\jdk1.8.0_161\jre\lib\ext\jfxrt.jar;C:\Program Files\Java\jdk1.8.0_161\jre\lib\ext\localedata.jar;C:\Program Files\Java\jdk1.8.0_161\jre\lib\ext\nashorn.jar;C:\Program Files\Java\jdk1.8.0_161\jre\lib\ext\sunec.jar;C:\Program Files\Java\jdk1.8.0_161\jre\lib\ext\sunjce_provider.jar;C:\Program Files\Java\jdk1.8.0_161\jre\lib\ext\sunmscapi.jar;C:\Program Files\Java\jdk1.8.0_161\jre\lib\ext\sunpkcs11.jar;C:\Program Files\Java\jdk1.8.0_161\jre\lib\ext\zipfs.jar;C:\Program Files\Java\jdk1.8.0_161\jre\lib\javaws.jar;C:\Program Files\Java\jdk1.8.0_161\jre\lib\jce.jar;C:\Program Files\Java\jdk1.8.0_161\jre\lib\jfr.jar;C:\Program Files\Java\jdk1.8.0_161\jre\lib\jfxswt.jar;C:\Program Files\Java\jdk1.8.0_161\jre\lib\jsse.jar;C:\Program Files\Java\jdk1.8.0_161\jre\lib\management-agent.jar;C:\Program Files\Java\jdk1.8.0_161\jre\lib\plugin.jar;C:\Program Files\Java\jdk1.8.0_161\jre\lib\resources.jar;C:\Program Files\Java\jdk1.8.0_161\jre\lib\rt.jar;E:\ydcloud\rdexpense-back\rdexpense-manager\target\classes;C:\Users\ThinkPad\.m2\repository\javax\persistence\javax.persistence-api\2.2\javax.persistence-api-2.2.jar;C:\Users\ThinkPad\.m2\repository\org\springframework\security\oauth\spring-security-oauth2\2.3.4.RELEASE\spring-security-oauth2-2.3.4.RELEASE.jar;C:\Users\ThinkPad\.m2\repository\org\springframework\spring-beans\5.2.6.RELEASE\spring-beans-5.2.6.RELEASE.jar;C:\Users\ThinkPad\.m2\repository\org\springframework\spring-core\5.2.6.RELEASE\spring-core-5.2.6.RELEASE.jar;C:\Users\ThinkPad\.m2\repository\org\springframework\spring-jcl\5.2.6.RELEASE\spring-jcl-5.2.6.RELEASE.jar;C:\Users\T
Launcher Type: SUN_STANDARD

Environment Variables:
JAVA_HOME=C:\Program Files\Java\jdk1.8.0_161
PATH=C:\Program Files (x86)\Common Files\Oracle\Java\javapath;C:\ProgramData\Oracle\Java\javapath;C:\Windows\system32;C:\Windows;C:\Windows\System32\Wbem;C:\Windows\System32\WindowsPowerShell\v1.0\;C:\Windows\System32\OpenSSH\;C:\Program Files\Java\jdk1.8.0_161\bin;D:\develop_tools\apache-maven-3.5.2\bin;D:\develop_tools\redis\;D:\develop_tools\nodeJs\;D:\develop_tools\yarn\bin\;D:\develop_tools\Git\cmd;C:\Program Files\Intel\WiFi\bin\;C:\Program Files\Common Files\Intel\WirelessCommon\;C:\TDM-GCC-64\bin;C:\Program Files\Microsoft SQL Server\Client SDK\ODBC\170\Tools\Binn\;C:\Program Files (x86)\Microsoft SQL Server\150\Tools\Binn\;C:\Program Files\Microsoft SQL Server\150\Tools\Binn\;C:\Program Files\Microsoft SQL Server\150\DTS\Binn\;C:\Program Files\Azure Data Studio\bin;C:\Program Files (x86)\Microsoft SQL Server\160\DTS\Binn\;C:\Users\ThinkPad\AppData\Local\Microsoft\WindowsApps;C:\Users\ThinkPad\AppData\Roaming\npm;C:\Users\ThinkPad\AppData\Local\Yarn\bin;C:\Program Files\Azure Data Studio\bin
USERNAME=ThinkPad
OS=Windows_NT
PROCESSOR_IDENTIFIER=Intel64 Family 6 Model 142 Stepping 10, GenuineIntel



---------------  S Y S T E M  ---------------

OS: Windows 10.0 , 64 bit Build 18362 (10.0.18362.1500)

CPU:total 8 (initial active 8) (4 cores per cpu, 2 threads per core) family 6 model 142 stepping 10, cmov, cx8, fxsr, mmx, sse, sse2, sse3, ssse3, sse4.1, sse4.2, popcnt, avx, avx2, aes, clmul, erms, 3dnowpref, lzcnt, ht, tsc, tscinvbit, bmi1, bmi2, adx

Memory: 4k page, physical 16628472k(5488160k free), swap 22133496k(2874764k free)

vm_info: Java HotSpot(TM) 64-Bit Server VM (25.161-b12) for windows-amd64 JRE (1.8.0_161-b12), built on Dec 19 2017 17:52:25 by "java_re" with MS VC++ 10.0 (VS2010)

time: Sun Oct 30 09:53:03 2022
elapsed time: 21 seconds (0d 0h 0m 21s)

