#
# A fatal error has been detected by the Java Runtime Environment:
#
#  EXCEPTION_ACCESS_VIOLATION (0xc0000005) at pc=0x0000000067149978, pid=18864, tid=0x00000000000048fc
#
# JRE version: Java(TM) SE Runtime Environment (8.0_161-b12) (build 1.8.0_161-b12)
# Java VM: Java HotSpot(TM) 64-Bit Server VM (25.161-b12 mixed mode windows-amd64 compressed oops)
# Problematic frame:
# V  [jvm.dll+0x159978]
#
# Failed to write core dump. Minidumps are not enabled by default on client versions of Windows
#
# If you would like to submit a bug report, please visit:
#   http://bugreport.java.com/bugreport/crash.jsp
#

---------------  T H R E A D  ---------------

Current thread (0x0000000020493800):  JavaThread "restartedMain" [_thread_in_vm, id=18684, stack(0x0000000021a60000,0x0000000021b60000)]

siginfo: ExceptionCode=0xc0000005, reading address 0x0000000000000000

Registers:
RAX=0x0000000000000000, RBX=0x0000000020493800, RCX=0x0000000000000380, RDX=0x0000000000000000
RSP=0x0000000021b5dde0, RBP=0x000000000000017f, RSI=0x0000000000000000, RDI=0x0000000000000000
R8 =0x0000000000000000, R9 =0x000000000000017f, R10=0x00000000036a8c3b, R11=0x000000006721bcb0
R12=0x0000000000000001, R13=0x0000000000000000, R14=0x0000000021b5dfa0, R15=0x0000000000000000
RIP=0x0000000067149978, EFLAGS=0x0000000000010246

Top of Stack: (sp=0x0000000021b5dde0)
0x0000000021b5dde0:   0000000000000000 0000000000000000
0x0000000021b5ddf0:   0000000021b5de00 0000000000000000
0x0000000021b5de00:   0000000000000000 000000002b912e74
0x0000000021b5de10:   0000000020493800 0000000020493800
0x0000000021b5de20:   000000002a4e97e0 0000000000000000
0x0000000021b5de30:   0000000020493800 000000002049a300
0x0000000021b5de40:   000000002a4e97e0 0000000000000000
0x0000000021b5de50:   000000002a4e97e0 000000002b912e9a
0x0000000021b5de60:   0000000021b5ea18 00000000204939f8
0x0000000021b5de70:   00000000000003d8 000000001ff883c0
0x0000000021b5de80:   000000002a4e97e0 0000000020493800
0x0000000021b5de90:   000000002a4e97e0 0000000020493800
0x0000000021b5dea0:   0000000000000000 00000000036a8ad7
0x0000000021b5deb0:   000000002a4e97e0 0000000000200021
0x0000000021b5dec0:   0000000000000000 0000000021b5df68
0x0000000021b5ded0:   0000000000000000 00000000036a8c67 

Instructions: (pc=0x0000000067149978)
0x0000000067149958:   85 c0 75 0a 8b 43 30 a9 00 00 00 30 74 08 48 8b
0x0000000067149968:   cb e8 52 94 0e 00 c7 83 70 02 00 00 06 00 00 00
0x0000000067149978:   4c 8b 06 48 63 15 4a cb 69 00 44 0f b6 0d 56 6b
0x0000000067149988:   6b 00 8b 0d 08 9e 64 00 4c 8b 15 f9 9d 64 00 49 


Register to memory mapping:

RAX=0x0000000000000000 is an unknown value
RBX=0x0000000020493800 is a thread
RCX=0x0000000000000380 is an unknown value
RDX=0x0000000000000000 is an unknown value
RSP=0x0000000021b5dde0 is pointing into the stack for thread: 0x0000000020493800
RBP=0x000000000000017f is an unknown value
RSI=0x0000000000000000 is an unknown value
RDI=0x0000000000000000 is an unknown value
R8 =0x0000000000000000 is an unknown value
R9 =0x000000000000017f is an unknown value
R10=0x00000000036a8c3b is at code_begin+891 in an Interpreter codelet
method entry point (kind = native)  [0x00000000036a88c0, 0x00000000036a9280]  2496 bytes
R11=0x000000006721bcb0 is an unknown value
R12=0x0000000000000001 is an unknown value
R13=0x0000000000000000 is an unknown value
R14=0x0000000021b5dfa0 is pointing into the stack for thread: 0x0000000020493800
R15=0x0000000000000000 is an unknown value


Stack: [0x0000000021a60000,0x0000000021b60000],  sp=0x0000000021b5dde0,  free space=1015k
Native frames: (J=compiled Java code, j=interpreted, Vv=VM code, C=native code)
V  [jvm.dll+0x159978]
C  [jnotify_64bit.dll+0x2e9a]

Java frames: (J=compiled Java code, j=interpreted, Vv=VM code)
j  net.contentobjects.jnotify.win32.JNotify_win32.nativeAddWatch(Ljava/lang/String;JZ)I+0
j  net.contentobjects.jnotify.win32.JNotify_win32.addWatch(Ljava/lang/String;JZ)I+3
j  net.contentobjects.jnotify.win32.JNotifyAdapterWin32.addWatch(Ljava/lang/String;IZLnet/contentobjects/jnotify/JNotifyListener;)I+5
j  net.contentobjects.jnotify.JNotify.addWatch(Ljava/lang/String;IZLnet/contentobjects/jnotify/JNotifyListener;)I+7
j  com.rdexpense.manager.imgsys.ImgFileCreationMonitor.beginWatch()V+13
j  com.rdexpense.manager.imgsys.ApplicationStartup.onApplicationEvent(Lorg/springframework/context/event/ContextRefreshedEvent;)V+60
j  com.rdexpense.manager.imgsys.ApplicationStartup.onApplicationEvent(Lorg/springframework/context/ApplicationEvent;)V+5
j  org.springframework.context.event.SimpleApplicationEventMulticaster.doInvokeListener(Lorg/springframework/context/ApplicationListener;Lorg/springframework/context/ApplicationEvent;)V+2
j  org.springframework.context.event.SimpleApplicationEventMulticaster.invokeListener(Lorg/springframework/context/ApplicationListener;Lorg/springframework/context/ApplicationEvent;)V+34
j  org.springframework.context.event.SimpleApplicationEventMulticaster.multicastEvent(Lorg/springframework/context/ApplicationEvent;Lorg/springframework/core/ResolvableType;)V+83
j  org.springframework.context.support.AbstractApplicationContext.publishEvent(Ljava/lang/Object;Lorg/springframework/core/ResolvableType;)V+70
j  org.springframework.context.support.AbstractApplicationContext.publishEvent(Lorg/springframework/context/ApplicationEvent;)V+3
j  org.springframework.context.support.AbstractApplicationContext.finishRefresh()V+26
j  org.springframework.context.support.AbstractApplicationContext.refresh()V+58
j  org.springframework.boot.web.servlet.context.ServletWebServerApplicationContext.refresh()V+1
j  org.springframework.boot.SpringApplication.refresh(Lorg/springframework/context/ConfigurableApplicationContext;)V+1
j  org.springframework.boot.SpringApplication.refresh(Lorg/springframework/context/ApplicationContext;)V+11
j  org.springframework.boot.SpringApplication.refreshContext(Lorg/springframework/context/ConfigurableApplicationContext;)V+2
j  org.springframework.boot.SpringApplication.run([Ljava/lang/String;)Lorg/springframework/context/ConfigurableApplicationContext;+118
j  com.rdexpense.RdexpenseApplication.main([Ljava/lang/String;)V+19
v  ~StubRoutines::call_stub
j  sun.reflect.NativeMethodAccessorImpl.invoke0(Ljava/lang/reflect/Method;Ljava/lang/Object;[Ljava/lang/Object;)Ljava/lang/Object;+0
j  sun.reflect.NativeMethodAccessorImpl.invoke(Ljava/lang/Object;[Ljava/lang/Object;)Ljava/lang/Object;+100
j  sun.reflect.DelegatingMethodAccessorImpl.invoke(Ljava/lang/Object;[Ljava/lang/Object;)Ljava/lang/Object;+6
j  java.lang.reflect.Method.invoke(Ljava/lang/Object;[Ljava/lang/Object;)Ljava/lang/Object;+56
j  org.springframework.boot.devtools.restart.RestartLauncher.run()V+41
v  ~StubRoutines::call_stub

---------------  P R O C E S S  ---------------

Java Threads: ( => current thread )
  0x0000000023bc0000 JavaThread "lettuce-eventExecutorLoop-1-3" daemon [_thread_blocked, id=1692, stack(0x000000002b810000,0x000000002b910000)]
  0x0000000023bbf800 JavaThread "lettuce-eventExecutorLoop-1-2" daemon [_thread_blocked, id=3628, stack(0x000000002b710000,0x000000002b810000)]
  0x0000000023bc1800 JavaThread "lettuce-eventExecutorLoop-1-1" daemon [_thread_blocked, id=19772, stack(0x000000002b610000,0x000000002b710000)]
  0x0000000023bc2800 JavaThread "lettuce-nioEventLoop-6-1" daemon [_thread_in_native, id=3156, stack(0x000000002a500000,0x000000002a600000)]
  0x0000000023bc1000 JavaThread "Keep-Alive-Timer" daemon [_thread_blocked, id=5944, stack(0x000000002a200000,0x000000002a300000)]
  0x0000000023bbd000 JavaThread "http-nio-1011-Acceptor" daemon [_thread_in_native, id=21720, stack(0x0000000029f00000,0x000000002a000000)]
  0x0000000023bbe800 JavaThread "http-nio-1011-ClientPoller" daemon [_thread_in_native, id=15044, stack(0x0000000029e00000,0x0000000029f00000)]
  0x0000000023bbe000 JavaThread "http-nio-1011-exec-10" daemon [_thread_blocked, id=11276, stack(0x0000000029d00000,0x0000000029e00000)]
  0x0000000023bbb800 JavaThread "http-nio-1011-exec-9" daemon [_thread_blocked, id=13072, stack(0x0000000029c00000,0x0000000029d00000)]
  0x0000000023bbc800 JavaThread "http-nio-1011-exec-8" daemon [_thread_blocked, id=9892, stack(0x0000000029b00000,0x0000000029c00000)]
  0x0000000023bb4000 JavaThread "http-nio-1011-exec-7" daemon [_thread_blocked, id=15416, stack(0x0000000029a00000,0x0000000029b00000)]
  0x0000000023bbb000 JavaThread "http-nio-1011-exec-6" daemon [_thread_blocked, id=920, stack(0x0000000029900000,0x0000000029a00000)]
  0x0000000023bb8000 JavaThread "http-nio-1011-exec-5" daemon [_thread_blocked, id=9252, stack(0x0000000029800000,0x0000000029900000)]
  0x0000000023bb9800 JavaThread "http-nio-1011-exec-4" daemon [_thread_blocked, id=6792, stack(0x0000000029700000,0x0000000029800000)]
  0x0000000023bba000 JavaThread "http-nio-1011-exec-3" daemon [_thread_blocked, id=7592, stack(0x0000000029600000,0x0000000029700000)]
  0x0000000023bb7000 JavaThread "http-nio-1011-exec-2" daemon [_thread_blocked, id=22232, stack(0x0000000029500000,0x0000000029600000)]
  0x0000000023bb8800 JavaThread "http-nio-1011-exec-1" daemon [_thread_blocked, id=20168, stack(0x0000000029400000,0x0000000029500000)]
  0x0000000023bb3800 JavaThread "http-nio-1011-BlockPoller" daemon [_thread_in_native, id=22372, stack(0x0000000029300000,0x0000000029400000)]
  0x0000000023bb6800 JavaThread "File Watcher" daemon [_thread_blocked, id=9320, stack(0x0000000029200000,0x0000000029300000)]
  0x0000000023bb5800 JavaThread "redisson-netty-4-32" [_thread_in_native, id=9876, stack(0x0000000028a00000,0x0000000028b00000)]
  0x0000000023bb5000 JavaThread "redisson-netty-4-31" [_thread_in_native, id=21264, stack(0x0000000028900000,0x0000000028a00000)]
  0x00000000251a5800 JavaThread "redisson-netty-4-30" [_thread_in_native, id=20836, stack(0x0000000028800000,0x0000000028900000)]
  0x00000000251a8800 JavaThread "redisson-netty-4-29" [_thread_in_native, id=20688, stack(0x0000000028700000,0x0000000028800000)]
  0x00000000251a4800 JavaThread "redisson-netty-4-28" [_thread_in_native, id=8188, stack(0x0000000028600000,0x0000000028700000)]
  0x00000000251ab800 JavaThread "redisson-netty-4-27" [_thread_in_native, id=11032, stack(0x0000000028500000,0x0000000028600000)]
  0x00000000251a7800 JavaThread "redisson-netty-4-26" [_thread_in_native, id=19648, stack(0x0000000028400000,0x0000000028500000)]
  0x00000000251a9000 JavaThread "redisson-netty-4-25" [_thread_in_native, id=1812, stack(0x0000000028300000,0x0000000028400000)]
  0x00000000251aa800 JavaThread "redisson-netty-4-24" [_thread_in_native, id=8868, stack(0x0000000028200000,0x0000000028300000)]
  0x00000000251aa000 JavaThread "redisson-netty-4-23" [_thread_in_native, id=19204, stack(0x0000000028100000,0x0000000028200000)]
  0x00000000251a7000 JavaThread "redisson-netty-4-22" [_thread_in_native, id=21024, stack(0x0000000028000000,0x0000000028100000)]
  0x00000000251a6000 JavaThread "redisson-netty-4-21" [_thread_in_native, id=2320, stack(0x0000000027f00000,0x0000000028000000)]
  0x000000002519e000 JavaThread "redisson-netty-4-20" [_thread_in_native, id=10936, stack(0x0000000027e00000,0x0000000027f00000)]
  0x000000002519d000 JavaThread "redisson-netty-4-19" [_thread_in_native, id=12356, stack(0x0000000027d00000,0x0000000027e00000)]
  0x00000000251a4000 JavaThread "redisson-netty-4-18" [_thread_in_native, id=7380, stack(0x0000000027c00000,0x0000000027d00000)]
  0x000000002519c800 JavaThread "redisson-netty-4-17" [_thread_in_native, id=13260, stack(0x0000000027b00000,0x0000000027c00000)]
  0x00000000251a3000 JavaThread "redisson-netty-4-16" [_thread_in_native, id=20308, stack(0x0000000027a00000,0x0000000027b00000)]
  0x00000000251a1800 JavaThread "redisson-netty-4-15" [_thread_in_native, id=17912, stack(0x0000000027900000,0x0000000027a00000)]
  0x000000002519f800 JavaThread "redisson-netty-4-14" [_thread_in_native, id=11656, stack(0x0000000027800000,0x0000000027900000)]
  0x00000000251a0000 JavaThread "redisson-netty-4-13" [_thread_in_native, id=20748, stack(0x0000000027700000,0x0000000027800000)]
  0x00000000251a2800 JavaThread "redisson-netty-4-12" [_thread_in_native, id=21392, stack(0x0000000027600000,0x0000000027700000)]
  0x000000002519e800 JavaThread "redisson-netty-4-11" [_thread_in_native, id=2412, stack(0x0000000027500000,0x0000000027600000)]
  0x00000000251a1000 JavaThread "redisson-netty-4-10" [_thread_in_native, id=18484, stack(0x0000000027400000,0x0000000027500000)]
  0x0000000024c8d000 JavaThread "redisson-netty-4-9" [_thread_in_native, id=14004, stack(0x0000000027300000,0x0000000027400000)]
  0x0000000024c8f800 JavaThread "redisson-netty-4-8" [_thread_in_native, id=21700, stack(0x0000000027200000,0x0000000027300000)]
  0x0000000024c8c800 JavaThread "redisson-netty-4-7" [_thread_in_native, id=16960, stack(0x0000000027100000,0x0000000027200000)]
  0x0000000024c8e000 JavaThread "redisson-netty-4-6" [_thread_in_native, id=22108, stack(0x0000000027000000,0x0000000027100000)]
  0x0000000024c92800 JavaThread "redisson-netty-4-5" [_thread_in_native, id=7172, stack(0x0000000026f00000,0x0000000027000000)]
  0x0000000024c91800 JavaThread "redisson-netty-4-4" [_thread_in_native, id=15896, stack(0x0000000026e00000,0x0000000026f00000)]
  0x0000000024c91000 JavaThread "redisson-netty-4-3" [_thread_in_native, id=21964, stack(0x0000000026d00000,0x0000000026e00000)]
  0x0000000024c8b800 JavaThread "redisson-netty-4-2" [_thread_in_native, id=20552, stack(0x0000000026c00000,0x0000000026d00000)]
  0x0000000024c8e800 JavaThread "redisson-netty-4-1" [_thread_in_native, id=21660, stack(0x0000000026b00000,0x0000000026c00000)]
  0x0000000024c90000 JavaThread "Thread-29" daemon [_thread_in_native, id=14884, stack(0x0000000026700000,0x0000000026800000)]
  0x0000000023b35000 JavaThread "container-0" [_thread_blocked, id=4472, stack(0x0000000024a30000,0x0000000024b30000)]
  0x0000000023ca5000 JavaThread "Catalina-utility-2" [_thread_blocked, id=9528, stack(0x0000000022460000,0x0000000022560000)]
  0x0000000023ca2800 JavaThread "Catalina-utility-1" [_thread_blocked, id=21512, stack(0x0000000021b60000,0x0000000021c60000)]
  0x000000002069f000 JavaThread "RMI Scheduler(0)" daemon [_thread_blocked, id=9552, stack(0x0000000022360000,0x0000000022460000)]
  0x0000000020710000 JavaThread "RMI TCP Connection(1)-192.168.56.1" daemon [_thread_in_native, id=7728, stack(0x0000000022260000,0x0000000022360000)]
=>0x0000000020493800 JavaThread "restartedMain" [_thread_in_vm, id=18684, stack(0x0000000021a60000,0x0000000021b60000)]
  0x000000002048e800 JavaThread "Thread-1" [_thread_blocked, id=22048, stack(0x0000000021960000,0x0000000021a60000)]
  0x000000002023c000 JavaThread "RMI TCP Accept-0" daemon [_thread_in_native, id=13288, stack(0x00000000214b0000,0x00000000215b0000)]
  0x0000000020035800 JavaThread "Service Thread" daemon [_thread_blocked, id=14972, stack(0x00000000213b0000,0x00000000214b0000)]
  0x000000001ff87800 JavaThread "C1 CompilerThread3" daemon [_thread_blocked, id=19948, stack(0x00000000212b0000,0x00000000213b0000)]
  0x000000001ff7c800 JavaThread "C2 CompilerThread2" daemon [_thread_blocked, id=19628, stack(0x00000000211b0000,0x00000000212b0000)]
  0x000000001ff7c000 JavaThread "C2 CompilerThread1" daemon [_thread_blocked, id=8516, stack(0x00000000210b0000,0x00000000211b0000)]
  0x000000001ff77000 JavaThread "C2 CompilerThread0" daemon [_thread_blocked, id=22476, stack(0x0000000020fb0000,0x00000000210b0000)]
  0x000000001ff75800 JavaThread "Monitor Ctrl-Break" daemon [_thread_in_native, id=15348, stack(0x0000000020eb0000,0x0000000020fb0000)]
  0x000000001efca000 JavaThread "Attach Listener" daemon [_thread_blocked, id=11152, stack(0x000000001f5e0000,0x000000001f6e0000)]
  0x000000001f023000 JavaThread "Signal Dispatcher" daemon [_thread_blocked, id=3016, stack(0x000000001f4e0000,0x000000001f5e0000)]
  0x000000001efa1800 JavaThread "Finalizer" daemon [_thread_blocked, id=21376, stack(0x000000001f380000,0x000000001f480000)]
  0x000000001d0a5800 JavaThread "Reference Handler" daemon [_thread_blocked, id=10956, stack(0x000000001ee80000,0x000000001ef80000)]
  0x000000000344c000 JavaThread "main" [_thread_blocked, id=1400, stack(0x0000000003300000,0x0000000003400000)]

Other Threads:
  0x000000001d09c800 VMThread [stack: 0x000000001ed80000,0x000000001ee80000] [id=22168]
  0x000000002023d000 WatcherThread [stack: 0x00000000215b0000,0x00000000216b0000] [id=15172]

VM state:not at safepoint (normal execution)

VM Mutex/Monitor currently owned by a thread: None

Heap:
 PSYoungGen      total 735232K, used 263538K [0x000000076b700000, 0x00000007a6d00000, 0x00000007c0000000)
  eden space 673280K, 39% used [0x000000076b700000,0x000000077b85ca10,0x0000000794880000)
  from space 61952K, 0% used [0x0000000794880000,0x0000000794880000,0x0000000798500000)
  to   space 59904K, 0% used [0x00000007a3280000,0x00000007a3280000,0x00000007a6d00000)
 ParOldGen       total 255488K, used 43984K [0x00000006c2400000, 0x00000006d1d80000, 0x000000076b700000)
  object space 255488K, 17% used [0x00000006c2400000,0x00000006c4ef40e0,0x00000006d1d80000)
 Metaspace       used 67302K, capacity 70828K, committed 70912K, reserved 1110016K
  class space    used 8789K, capacity 9419K, committed 9472K, reserved 1048576K

Card table byte_map: [0x0000000012a50000,0x0000000013240000] byte_map_base: 0x000000000f43e000

Marking Bits: (ParMarkBitMap*) 0x000000006780f860
 Begin Bits: [0x0000000013f90000, 0x0000000017f00000)
 End Bits:   [0x0000000017f00000, 0x000000001be70000)

Polling page: 0x0000000001160000

CodeCache: size=245760Kb used=15151Kb max_used=15151Kb free=230608Kb
 bounds [0x0000000003690000, 0x0000000004560000, 0x0000000012690000]
 total_blobs=8418 nmethods=7795 adapters=534
 compilation: enabled

Compilation events (10 events):
Event: 21.248 Thread 0x000000001ff87800 7900       1       java.lang.invoke.MethodTypeForm::pack (54 bytes)
Event: 21.248 Thread 0x000000001ff87800 nmethod 7900 0x000000000455b310 code [0x000000000455b460, 0x000000000455b570]
Event: 21.248 Thread 0x000000001ff87800 7901       1       sun.invoke.util.Wrapper::isSubwordOrInt (20 bytes)
Event: 21.248 Thread 0x000000001ff87800 nmethod 7901 0x000000000455b750 code [0x000000000455b8a0, 0x000000000455ba30]
Event: 21.250 Thread 0x000000001ff87800 7906       1       io.netty.util.internal.ObjectUtil::checkPositiveOrZero (42 bytes)
Event: 21.251 Thread 0x000000001ff87800 nmethod 7906 0x000000000455bd90 code [0x000000000455bf40, 0x000000000455c318]
Event: 21.251 Thread 0x000000001ff87800 7907       1       io.netty.buffer.PooledByteBuf::capacity (5 bytes)
Event: 21.251 Thread 0x000000001ff87800 nmethod 7907 0x000000000455c590 code [0x000000000455c6e0, 0x000000000455c7f0]
Event: 21.251 Thread 0x000000001ff87800 7908       1       sun.nio.ch.WindowsSelectorImpl::access$1400 (5 bytes)
Event: 21.251 Thread 0x000000001ff87800 nmethod 7908 0x000000000455c850 code [0x000000000455c9a0, 0x000000000455ca90]

GC Heap History (10 events):
Event: 12.553 GC heap before
{Heap before GC invocations=13 (full 2):
 PSYoungGen      total 558592K, used 501096K [0x000000076b700000, 0x0000000792f80000, 0x00000007c0000000)
  eden space 510464K, 89% used [0x000000076b700000,0x00000007872c97a8,0x000000078a980000)
  from space 48128K, 96% used [0x0000000790080000,0x0000000792e10b48,0x0000000792f80000)
  to   space 68608K, 0% used [0x000000078a980000,0x000000078a980000,0x000000078ec80000)
 ParOldGen       total 235008K, used 91535K [0x00000006c2400000, 0x00000006d0980000, 0x000000076b700000)
  object space 235008K, 38% used [0x00000006c2400000,0x00000006c7d63e18,0x00000006d0980000)
 Metaspace       used 38128K, capacity 40052K, committed 40108K, reserved 1083392K
  class space    used 4950K, capacity 5328K, committed 5376K, reserved 1048576K
Event: 12.574 GC heap after
Heap after GC invocations=13 (full 2):
 PSYoungGen      total 579072K, used 22359K [0x000000076b700000, 0x000000079e980000, 0x00000007c0000000)
  eden space 510464K, 0% used [0x000000076b700000,0x000000076b700000,0x000000078a980000)
  from space 68608K, 32% used [0x000000078a980000,0x000000078bf55e68,0x000000078ec80000)
  to   space 65536K, 0% used [0x000000079a980000,0x000000079a980000,0x000000079e980000)
 ParOldGen       total 235008K, used 97282K [0x00000006c2400000, 0x00000006d0980000, 0x000000076b700000)
  object space 235008K, 41% used [0x00000006c2400000,0x00000006c8300820,0x00000006d0980000)
 Metaspace       used 38128K, capacity 40052K, committed 40108K, reserved 1083392K
  class space    used 4950K, capacity 5328K, committed 5376K, reserved 1048576K
}
Event: 12.574 GC heap before
{Heap before GC invocations=14 (full 3):
 PSYoungGen      total 579072K, used 22359K [0x000000076b700000, 0x000000079e980000, 0x00000007c0000000)
  eden space 510464K, 0% used [0x000000076b700000,0x000000076b700000,0x000000078a980000)
  from space 68608K, 32% used [0x000000078a980000,0x000000078bf55e68,0x000000078ec80000)
  to   space 65536K, 0% used [0x000000079a980000,0x000000079a980000,0x000000079e980000)
 ParOldGen       total 235008K, used 97282K [0x00000006c2400000, 0x00000006d0980000, 0x000000076b700000)
  object space 235008K, 41% used [0x00000006c2400000,0x00000006c8300820,0x00000006d0980000)
 Metaspace       used 38128K, capacity 40052K, committed 40108K, reserved 1083392K
  class space    used 4950K, capacity 5328K, committed 5376K, reserved 1048576K
Event: 12.706 GC heap after
Heap after GC invocations=14 (full 3):
 PSYoungGen      total 579072K, used 0K [0x000000076b700000, 0x000000079e980000, 0x00000007c0000000)
  eden space 510464K, 0% used [0x000000076b700000,0x000000076b700000,0x000000078a980000)
  from space 68608K, 0% used [0x000000078a980000,0x000000078a980000,0x000000078ec80000)
  to   space 65536K, 0% used [0x000000079a980000,0x000000079a980000,0x000000079e980000)
 ParOldGen       total 222208K, used 52423K [0x00000006c2400000, 0x00000006cfd00000, 0x000000076b700000)
  object space 222208K, 23% used [0x00000006c2400000,0x00000006c5731de8,0x00000006cfd00000)
 Metaspace       used 38128K, capacity 40052K, committed 40108K, reserved 1083392K
  class space    used 4950K, capacity 5328K, committed 5376K, reserved 1048576K
}
Event: 15.840 GC heap before
{Heap before GC invocations=15 (full 3):
 PSYoungGen      total 579072K, used 510464K [0x000000076b700000, 0x000000079e980000, 0x00000007c0000000)
  eden space 510464K, 100% used [0x000000076b700000,0x000000078a980000,0x000000078a980000)
  from space 68608K, 0% used [0x000000078a980000,0x000000078a980000,0x000000078ec80000)
  to   space 65536K, 0% used [0x000000079a980000,0x000000079a980000,0x000000079e980000)
 ParOldGen       total 222208K, used 52423K [0x00000006c2400000, 0x00000006cfd00000, 0x000000076b700000)
  object space 222208K, 23% used [0x00000006c2400000,0x00000006c5731de8,0x00000006cfd00000)
 Metaspace       used 53904K, capacity 56528K, committed 56704K, reserved 1097728K
  class space    used 7000K, capacity 7492K, committed 7552K, reserved 1048576K
Event: 15.858 GC heap after
Heap after GC invocations=15 (full 3):
 PSYoungGen      total 692736K, used 24340K [0x000000076b700000, 0x000000079c180000, 0x00000007c0000000)
  eden space 668160K, 0% used [0x000000076b700000,0x000000076b700000,0x0000000794380000)
  from space 24576K, 99% used [0x000000079a980000,0x000000079c145118,0x000000079c180000)
  to   space 61952K, 0% used [0x0000000794880000,0x0000000794880000,0x0000000798500000)
 ParOldGen       total 222208K, used 52431K [0x00000006c2400000, 0x00000006cfd00000, 0x000000076b700000)
  object space 222208K, 23% used [0x00000006c2400000,0x00000006c5733de8,0x00000006cfd00000)
 Metaspace       used 53904K, capacity 56528K, committed 56704K, reserved 1097728K
  class space    used 7000K, capacity 7492K, committed 7552K, reserved 1048576K
}
Event: 19.137 GC heap before
{Heap before GC invocations=16 (full 3):
 PSYoungGen      total 692736K, used 387465K [0x000000076b700000, 0x000000079c180000, 0x00000007c0000000)
  eden space 668160K, 54% used [0x000000076b700000,0x000000078199d698,0x0000000794380000)
  from space 24576K, 99% used [0x000000079a980000,0x000000079c145118,0x000000079c180000)
  to   space 61952K, 0% used [0x0000000794880000,0x0000000794880000,0x0000000798500000)
 ParOldGen       total 222208K, used 52431K [0x00000006c2400000, 0x00000006cfd00000, 0x000000076b700000)
  object space 222208K, 23% used [0x00000006c2400000,0x00000006c5733de8,0x00000006cfd00000)
 Metaspace       used 63447K, capacity 66692K, committed 66816K, reserved 1107968K
  class space    used 8329K, capacity 8907K, committed 8960K, reserved 1048576K
Event: 19.154 GC heap after
Heap after GC invocations=16 (full 3):
 PSYoungGen      total 735232K, used 15679K [0x000000076b700000, 0x00000007a6d00000, 0x00000007c0000000)
  eden space 673280K, 0% used [0x000000076b700000,0x000000076b700000,0x0000000794880000)
  from space 61952K, 25% used [0x0000000794880000,0x00000007957cfdb0,0x0000000798500000)
  to   space 59904K, 0% used [0x00000007a3280000,0x00000007a3280000,0x00000007a6d00000)
 ParOldGen       total 222208K, used 64942K [0x00000006c2400000, 0x00000006cfd00000, 0x000000076b700000)
  object space 222208K, 29% used [0x00000006c2400000,0x00000006c636b950,0x00000006cfd00000)
 Metaspace       used 63447K, capacity 66692K, committed 66816K, reserved 1107968K
  class space    used 8329K, capacity 8907K, committed 8960K, reserved 1048576K
}
Event: 19.154 GC heap before
{Heap before GC invocations=17 (full 4):
 PSYoungGen      total 735232K, used 15679K [0x000000076b700000, 0x00000007a6d00000, 0x00000007c0000000)
  eden space 673280K, 0% used [0x000000076b700000,0x000000076b700000,0x0000000794880000)
  from space 61952K, 25% used [0x0000000794880000,0x00000007957cfdb0,0x0000000798500000)
  to   space 59904K, 0% used [0x00000007a3280000,0x00000007a3280000,0x00000007a6d00000)
 ParOldGen       total 222208K, used 64942K [0x00000006c2400000, 0x00000006cfd00000, 0x000000076b700000)
  object space 222208K, 29% used [0x00000006c2400000,0x00000006c636b950,0x00000006cfd00000)
 Metaspace       used 63447K, capacity 66692K, committed 66816K, reserved 1107968K
  class space    used 8329K, capacity 8907K, committed 8960K, reserved 1048576K
Event: 19.263 GC heap after
Heap after GC invocations=17 (full 4):
 PSYoungGen      total 735232K, used 0K [0x000000076b700000, 0x00000007a6d00000, 0x00000007c0000000)
  eden space 673280K, 0% used [0x000000076b700000,0x000000076b700000,0x0000000794880000)
  from space 61952K, 0% used [0x0000000794880000,0x0000000794880000,0x0000000798500000)
  to   space 59904K, 0% used [0x00000007a3280000,0x00000007a3280000,0x00000007a6d00000)
 ParOldGen       total 255488K, used 43984K [0x00000006c2400000, 0x00000006d1d80000, 0x000000076b700000)
  object space 255488K, 17% used [0x00000006c2400000,0x00000006c4ef40e0,0x00000006d1d80000)
 Metaspace       used 63362K, capacity 66536K, committed 66816K, reserved 1107968K
  class space    used 8314K, capacity 8881K, committed 8960K, reserved 1048576K
}

Deoptimization events (0 events):
No events

Classes redefined (0 events):
No events

Internal exceptions (10 events):
Event: 20.182 Thread 0x0000000020493800 Exception <a 'java/lang/ArrayIndexOutOfBoundsException'> (0x00000007785cd840) thrown at [C:\re\workspace\8-2-build-windows-amd64-cygwin\jdk8u161\10277\hotspot\src\share\vm\runtime\sharedRuntime.cpp, line 605]
Event: 20.182 Thread 0x0000000020493800 Exception <a 'java/lang/ArrayIndexOutOfBoundsException'> (0x00000007785ceef8) thrown at [C:\re\workspace\8-2-build-windows-amd64-cygwin\jdk8u161\10277\hotspot\src\share\vm\runtime\sharedRuntime.cpp, line 605]
Event: 20.182 Thread 0x0000000020493800 Exception <a 'java/lang/ArrayIndexOutOfBoundsException'> (0x00000007785d06a8) thrown at [C:\re\workspace\8-2-build-windows-amd64-cygwin\jdk8u161\10277\hotspot\src\share\vm\runtime\sharedRuntime.cpp, line 605]
Event: 20.182 Thread 0x0000000020493800 Exception <a 'java/lang/ArrayIndexOutOfBoundsException'> (0x00000007785d8638) thrown at [C:\re\workspace\8-2-build-windows-amd64-cygwin\jdk8u161\10277\hotspot\src\share\vm\runtime\sharedRuntime.cpp, line 605]
Event: 20.182 Thread 0x0000000020493800 Exception <a 'java/lang/ArrayIndexOutOfBoundsException'> (0x00000007785d9cd0) thrown at [C:\re\workspace\8-2-build-windows-amd64-cygwin\jdk8u161\10277\hotspot\src\share\vm\runtime\sharedRuntime.cpp, line 605]
Event: 21.158 Thread 0x0000000020493800 Exception <a 'java/lang/UnsatisfiedLinkError': io.netty.channel.epoll.Native.offsetofEpollData()I> (0x000000077a475db8) thrown at [C:\re\workspace\8-2-build-windows-amd64-cygwin\jdk8u161\10277\hotspot\src\share\vm\prims\nativeLookup.cpp, line 378]
Event: 21.159 Thread 0x0000000020493800 Exception <a 'java/lang/ExceptionInInitializerError'> (0x000000077a476a60) thrown at [C:\re\workspace\8-2-build-windows-amd64-cygwin\jdk8u161\10277\hotspot\src\share\vm\oops\instanceKlass.cpp, line 964]
Event: 21.161 Thread 0x0000000020493800 Exception <a 'java/lang/UnsatisfiedLinkError': io.netty.channel.kqueue.Native.sizeofKEvent()I> (0x000000077a4ef690) thrown at [C:\re\workspace\8-2-build-windows-amd64-cygwin\jdk8u161\10277\hotspot\src\share\vm\prims\nativeLookup.cpp, line 378]
Event: 21.162 Thread 0x0000000020493800 Exception <a 'java/lang/ExceptionInInitializerError'> (0x000000077a4eff68) thrown at [C:\re\workspace\8-2-build-windows-amd64-cygwin\jdk8u161\10277\hotspot\src\share\vm\oops\instanceKlass.cpp, line 964]
Event: 21.181 Thread 0x0000000023bc2800 Exception <a 'java/lang/ArrayIndexOutOfBoundsException'> (0x000000077ac64e90) thrown at [C:\re\workspace\8-2-build-windows-amd64-cygwin\jdk8u161\10277\hotspot\src\share\vm\runtime\sharedRuntime.cpp, line 605]

Events (10 events):
Event: 21.251 loading class net/contentobjects/jnotify/win32/JNotifyAdapterWin32
Event: 21.251 loading class net/contentobjects/jnotify/win32/JNotifyAdapterWin32 done
Event: 21.252 loading class net/contentobjects/jnotify/IJNotify
Event: 21.252 loading class net/contentobjects/jnotify/IJNotify done
Event: 21.252 loading class net/contentobjects/jnotify/win32/JNotifyAdapterWin32$1
Event: 21.252 loading class net/contentobjects/jnotify/win32/JNotifyAdapterWin32$1 done
Event: 21.252 loading class net/contentobjects/jnotify/win32/IWin32NotifyListener
Event: 21.252 loading class net/contentobjects/jnotify/win32/IWin32NotifyListener done
Event: 21.252 loading class net/contentobjects/jnotify/win32/JNotify_win32
Event: 21.252 loading class net/contentobjects/jnotify/win32/JNotify_win32 done


Dynamic libraries:
0x00007ff697f40000 - 0x00007ff697f77000 	C:\Program Files\Java\jdk1.8.0_161\bin\java.exe
0x00007ffc1e000000 - 0x00007ffc1e1f0000 	C:\Windows\SYSTEM32\ntdll.dll
0x00007ffc1dd10000 - 0x00007ffc1ddc2000 	C:\Windows\System32\KERNEL32.DLL
0x00007ffc1b7b0000 - 0x00007ffc1ba55000 	C:\Windows\System32\KERNELBASE.dll
0x00007ffc1c2f0000 - 0x00007ffc1c393000 	C:\Windows\System32\ADVAPI32.dll
0x00007ffc1c520000 - 0x00007ffc1c5be000 	C:\Windows\System32\msvcrt.dll
0x00007ffc1ce50000 - 0x00007ffc1cee7000 	C:\Windows\System32\sechost.dll
0x00007ffc1d490000 - 0x00007ffc1d5af000 	C:\Windows\System32\RPCRT4.dll
0x00007ffc1c5c0000 - 0x00007ffc1c754000 	C:\Windows\System32\USER32.dll
0x00007ffc1bff0000 - 0x00007ffc1c011000 	C:\Windows\System32\win32u.dll
0x00007ffc1d810000 - 0x00007ffc1d836000 	C:\Windows\System32\GDI32.dll
0x00007ffc1bdf0000 - 0x00007ffc1bf88000 	C:\Windows\System32\gdi32full.dll
0x00007ffc1af70000 - 0x00007ffc1b00e000 	C:\Windows\System32\msvcp_win.dll
0x00007ffc1bb90000 - 0x00007ffc1bc8a000 	C:\Windows\System32\ucrtbase.dll
0x00007ffbfd8d0000 - 0x00007ffbfdb54000 	C:\Windows\WinSxS\amd64_microsoft.windows.common-controls_6595b64144ccf1df_6.0.18362.1556_none_9e7e372fe45e41d5\COMCTL32.dll
0x00007ffc1cf00000 - 0x00007ffc1d236000 	C:\Windows\System32\combase.dll
0x00007ffc1c020000 - 0x00007ffc1c0a1000 	C:\Windows\System32\bcryptPrimitives.dll
0x00007ffc1df90000 - 0x00007ffc1dfbe000 	C:\Windows\System32\IMM32.DLL
0x0000000067890000 - 0x0000000067962000 	C:\Program Files\Java\jdk1.8.0_161\jre\bin\msvcr100.dll
0x0000000066ff0000 - 0x000000006788f000 	C:\Program Files\Java\jdk1.8.0_161\jre\bin\server\jvm.dll
0x00007ffc1df80000 - 0x00007ffc1df88000 	C:\Windows\System32\PSAPI.DLL
0x00007ffc18250000 - 0x00007ffc18274000 	C:\Windows\SYSTEM32\WINMM.dll
0x00007ffc135f0000 - 0x00007ffc135fa000 	C:\Windows\SYSTEM32\VERSION.dll
0x00007ffbf5310000 - 0x00007ffbf5319000 	C:\Windows\SYSTEM32\WSOCK32.dll
0x00007ffc18220000 - 0x00007ffc1824d000 	C:\Windows\SYSTEM32\winmmbase.dll
0x00007ffc1d240000 - 0x00007ffc1d2af000 	C:\Windows\System32\WS2_32.dll
0x00007ffc1ba90000 - 0x00007ffc1bada000 	C:\Windows\System32\cfgmgr32.dll
0x0000000066fe0000 - 0x0000000066fef000 	C:\Program Files\Java\jdk1.8.0_161\jre\bin\verify.dll
0x0000000066fb0000 - 0x0000000066fd9000 	C:\Program Files\Java\jdk1.8.0_161\jre\bin\java.dll
0x0000000066f10000 - 0x0000000066f33000 	C:\Program Files\Java\jdk1.8.0_161\jre\bin\instrument.dll
0x0000000066f90000 - 0x0000000066fa6000 	C:\Program Files\Java\jdk1.8.0_161\jre\bin\zip.dll
0x00007ffc1c760000 - 0x00007ffc1ce47000 	C:\Windows\System32\SHELL32.dll
0x00007ffc1d620000 - 0x00007ffc1d6c8000 	C:\Windows\System32\shcore.dll
0x00007ffc1b010000 - 0x00007ffc1b78b000 	C:\Windows\System32\windows.storage.dll
0x00007ffc1af50000 - 0x00007ffc1af6e000 	C:\Windows\System32\profapi.dll
0x00007ffc1af00000 - 0x00007ffc1af4a000 	C:\Windows\System32\powrprof.dll
0x00007ffc1aeb0000 - 0x00007ffc1aec0000 	C:\Windows\System32\UMPDC.dll
0x00007ffc1d350000 - 0x00007ffc1d3a2000 	C:\Windows\System32\shlwapi.dll
0x00007ffc1aec0000 - 0x00007ffc1aed1000 	C:\Windows\System32\kernel.appcore.dll
0x00007ffc1b790000 - 0x00007ffc1b7a7000 	C:\Windows\System32\cryptsp.dll
0x00007ffbfdf50000 - 0x00007ffbfdf6a000 	D:\tools\ideaIU-2019.3.win\bin\breakgen64.dll
0x0000000066f70000 - 0x0000000066f8a000 	C:\Program Files\Java\jdk1.8.0_161\jre\bin\net.dll
0x00007ffc1a6a0000 - 0x00007ffc1a707000 	C:\Windows\system32\mswsock.dll
0x00007ffc1a400000 - 0x00007ffc1a4cb000 	C:\Windows\SYSTEM32\DNSAPI.dll
0x00007ffc1d3b0000 - 0x00007ffc1d3b8000 	C:\Windows\System32\NSI.dll
0x00007ffc1a3c0000 - 0x00007ffc1a3fa000 	C:\Windows\SYSTEM32\IPHLPAPI.DLL
0x00007ffc0ef00000 - 0x00007ffc0ef0a000 	C:\Windows\System32\rasadhlp.dll
0x00007ffc11420000 - 0x00007ffc11497000 	C:\Windows\System32\fwpuclnt.dll
0x00007ffc1ba60000 - 0x00007ffc1ba86000 	C:\Windows\System32\bcrypt.dll
0x0000000066f40000 - 0x0000000066f4d000 	C:\Program Files\Java\jdk1.8.0_161\jre\bin\management.dll
0x0000000066f50000 - 0x0000000066f61000 	C:\Program Files\Java\jdk1.8.0_161\jre\bin\nio.dll
0x00007ffc1a1d0000 - 0x00007ffc1a203000 	C:\Windows\system32\rsaenh.dll
0x00007ffc1ada0000 - 0x00007ffc1adc5000 	C:\Windows\SYSTEM32\USERENV.dll
0x00007ffc1a820000 - 0x00007ffc1a82c000 	C:\Windows\SYSTEM32\CRYPTBASE.dll
0x00007ffc11ae0000 - 0x00007ffc11af6000 	C:\Windows\SYSTEM32\dhcpcsvc6.DLL
0x00007ffc11ac0000 - 0x00007ffc11adc000 	C:\Windows\SYSTEM32\dhcpcsvc.DLL
0x00007ffbf3dc0000 - 0x00007ffbf3dd6000 	C:\Windows\system32\napinsp.dll
0x00007ffbf3cc0000 - 0x00007ffbf3cda000 	C:\Windows\system32\pnrpnsp.dll
0x00007ffbf3c90000 - 0x00007ffbf3c9e000 	C:\Windows\System32\winrnr.dll
0x00007ffc16900000 - 0x00007ffc1691c000 	C:\Windows\system32\NLAapi.dll
0x00007ffc163a0000 - 0x00007ffc163b5000 	C:\Windows\system32\wshbth.dll
0x0000000066ee0000 - 0x0000000066f04000 	C:\Program Files\Java\jdk1.8.0_161\jre\bin\sunec.dll
0x0000000066ed0000 - 0x0000000066edb000 	C:\Program Files\Java\jdk1.8.0_161\jre\bin\sunmscapi.dll
0x00007ffc1bc90000 - 0x00007ffc1bde1000 	C:\Windows\System32\CRYPT32.dll
0x00007ffc1aee0000 - 0x00007ffc1aef2000 	C:\Windows\System32\MSASN1.dll
0x000000002b910000 - 0x000000002ba1f000 	C:\Program Files\Java\jdk1.8.0_161\bin\jnotify_64bit.dll
0x00007ffc18280000 - 0x00007ffc18474000 	C:\Windows\SYSTEM32\dbghelp.dll

VM Arguments:
jvm_args: -XX:TieredStopAtLevel=1 -Xverify:none -Dspring.output.ansi.enabled=always -Dcom.sun.management.jmxremote -Dspring.jmx.enabled=true -Dspring.liveBeansView.mbeanDomain -Dspring.application.admin.enabled=true -javaagent:D:\tools\ideaIU-2019.3.win\lib\idea_rt.jar=53173:D:\tools\ideaIU-2019.3.win\bin -Dfile.encoding=UTF-8 
java_command: com.rdexpense.RdexpenseApplication
java_class_path (initial): C:\Program Files\Java\jdk1.8.0_161\jre\lib\charsets.jar;C:\Program Files\Java\jdk1.8.0_161\jre\lib\deploy.jar;C:\Program Files\Java\jdk1.8.0_161\jre\lib\ext\access-bridge-64.jar;C:\Program Files\Java\jdk1.8.0_161\jre\lib\ext\cldrdata.jar;C:\Program Files\Java\jdk1.8.0_161\jre\lib\ext\dnsns.jar;C:\Program Files\Java\jdk1.8.0_161\jre\lib\ext\jaccess.jar;C:\Program Files\Java\jdk1.8.0_161\jre\lib\ext\jfxrt.jar;C:\Program Files\Java\jdk1.8.0_161\jre\lib\ext\localedata.jar;C:\Program Files\Java\jdk1.8.0_161\jre\lib\ext\nashorn.jar;C:\Program Files\Java\jdk1.8.0_161\jre\lib\ext\sunec.jar;C:\Program Files\Java\jdk1.8.0_161\jre\lib\ext\sunjce_provider.jar;C:\Program Files\Java\jdk1.8.0_161\jre\lib\ext\sunmscapi.jar;C:\Program Files\Java\jdk1.8.0_161\jre\lib\ext\sunpkcs11.jar;C:\Program Files\Java\jdk1.8.0_161\jre\lib\ext\zipfs.jar;C:\Program Files\Java\jdk1.8.0_161\jre\lib\javaws.jar;C:\Program Files\Java\jdk1.8.0_161\jre\lib\jce.jar;C:\Program Files\Java\jdk1.8.0_161\jre\lib\jfr.jar;C:\Program Files\Java\jdk1.8.0_161\jre\lib\jfxswt.jar;C:\Program Files\Java\jdk1.8.0_161\jre\lib\jsse.jar;C:\Program Files\Java\jdk1.8.0_161\jre\lib\management-agent.jar;C:\Program Files\Java\jdk1.8.0_161\jre\lib\plugin.jar;C:\Program Files\Java\jdk1.8.0_161\jre\lib\resources.jar;C:\Program Files\Java\jdk1.8.0_161\jre\lib\rt.jar;E:\ydcloud\rdexpense-back\rdexpense-manager\target\classes;C:\Users\ThinkPad\.m2\repository\javax\persistence\javax.persistence-api\2.2\javax.persistence-api-2.2.jar;C:\Users\ThinkPad\.m2\repository\org\springframework\security\oauth\spring-security-oauth2\2.3.4.RELEASE\spring-security-oauth2-2.3.4.RELEASE.jar;C:\Users\ThinkPad\.m2\repository\org\springframework\spring-beans\5.2.6.RELEASE\spring-beans-5.2.6.RELEASE.jar;C:\Users\ThinkPad\.m2\repository\org\springframework\spring-core\5.2.6.RELEASE\spring-core-5.2.6.RELEASE.jar;C:\Users\ThinkPad\.m2\repository\org\springframework\spring-jcl\5.2.6.RELEASE\spring-jcl-5.2.6.RELEASE.jar;C:\Users\T
Launcher Type: SUN_STANDARD

Environment Variables:
JAVA_HOME=C:\Program Files\Java\jdk1.8.0_161
PATH=C:\Program Files (x86)\Common Files\Oracle\Java\javapath;C:\ProgramData\Oracle\Java\javapath;C:\Windows\system32;C:\Windows;C:\Windows\System32\Wbem;C:\Windows\System32\WindowsPowerShell\v1.0\;C:\Windows\System32\OpenSSH\;C:\Program Files\Java\jdk1.8.0_161\bin;D:\develop_tools\apache-maven-3.5.2\bin;D:\develop_tools\redis\;D:\develop_tools\nodeJs\;D:\develop_tools\yarn\bin\;D:\develop_tools\Git\cmd;C:\Program Files\Intel\WiFi\bin\;C:\Program Files\Common Files\Intel\WirelessCommon\;C:\TDM-GCC-64\bin;C:\Program Files\Microsoft SQL Server\Client SDK\ODBC\170\Tools\Binn\;C:\Program Files (x86)\Microsoft SQL Server\150\Tools\Binn\;C:\Program Files\Microsoft SQL Server\150\Tools\Binn\;C:\Program Files\Microsoft SQL Server\150\DTS\Binn\;C:\Program Files\Azure Data Studio\bin;C:\Program Files (x86)\Microsoft SQL Server\160\DTS\Binn\;C:\Users\ThinkPad\AppData\Local\Microsoft\WindowsApps;C:\Users\ThinkPad\AppData\Roaming\npm;C:\Users\ThinkPad\AppData\Local\Yarn\bin;C:\Program Files\Azure Data Studio\bin
USERNAME=ThinkPad
OS=Windows_NT
PROCESSOR_IDENTIFIER=Intel64 Family 6 Model 142 Stepping 10, GenuineIntel



---------------  S Y S T E M  ---------------

OS: Windows 10.0 , 64 bit Build 18362 (10.0.18362.1500)

CPU:total 8 (initial active 8) (4 cores per cpu, 2 threads per core) family 6 model 142 stepping 10, cmov, cx8, fxsr, mmx, sse, sse2, sse3, ssse3, sse4.1, sse4.2, popcnt, avx, avx2, aes, clmul, erms, 3dnowpref, lzcnt, ht, tsc, tscinvbit, bmi1, bmi2, adx

Memory: 4k page, physical 16628472k(5230892k free), swap 22133496k(2897596k free)

vm_info: Java HotSpot(TM) 64-Bit Server VM (25.161-b12) for windows-amd64 JRE (1.8.0_161-b12), built on Dec 19 2017 17:52:25 by "java_re" with MS VC++ 10.0 (VS2010)

time: Sun Oct 30 09:43:59 2022
elapsed time: 21 seconds (0d 0h 0m 21s)

