#
# A fatal error has been detected by the Java Runtime Environment:
#
#  EXCEPTION_ACCESS_VIOLATION (0xc0000005) at pc=0x0000000067149978, pid=18588, tid=0x0000000000004988
#
# JRE version: Java(TM) SE Runtime Environment (8.0_161-b12) (build 1.8.0_161-b12)
# Java VM: Java HotSpot(TM) 64-Bit Server VM (25.161-b12 mixed mode windows-amd64 compressed oops)
# Problematic frame:
# V  [jvm.dll+0x159978]
#
# Failed to write core dump. Minidumps are not enabled by default on client versions of Windows
#
# If you would like to submit a bug report, please visit:
#   http://bugreport.java.com/bugreport/crash.jsp
#

---------------  T H R E A D  ---------------

Current thread (0x00000000205bd800):  JavaThread "restartedMain" [_thread_in_vm, id=18824, stack(0x0000000021c50000,0x0000000021d50000)]

siginfo: ExceptionCode=0xc0000005, reading address 0x0000000000000000

Registers:
RAX=0x0000000000000000, RBX=0x00000000205bd800, RCX=0x0000000000000d80, RDX=0x0000000000000000
RSP=0x0000000021d4e130, RBP=0x000000000000017f, RSI=0x0000000000000000, RDI=0x0000000000000000
R8 =0x0000000000000000, R9 =0x000000000000017f, R10=0x00000000036f1dc4, R11=0x000000006721bcb0
R12=0x0000000000000001, R13=0x0000000000000000, R14=0x0000000021d4e2f0, R15=0x0000000000000000
RIP=0x0000000067149978, EFLAGS=0x0000000000010246

Top of Stack: (sp=0x0000000021d4e130)
0x0000000021d4e130:   0000000000000000 0000000000000000
0x0000000021d4e140:   0000000021d4e200 0000000000000000
0x0000000021d4e150:   0000000000000000 000000002c002e74
0x0000000021d4e160:   00000000205bd800 00000000205bd800
0x0000000021d4e170:   000000002aaad2b8 0000000000000000
0x0000000021d4e180:   00000000205bd800 000000002081db90
0x0000000021d4e190:   000000002aaad2b8 0000000000000000
0x0000000021d4e1a0:   000000002aaad2b8 000000002c002e9a
0x0000000021d4e1b0:   0000000021d4ed68 00000000205bd9f8
0x0000000021d4e1c0:   00000000000003d8 00000000201caea0
0x0000000021d4e1d0:   000000002aaad2b8 00000000205bd800
0x0000000021d4e1e0:   000000002aaad2b8 00000000205bd800
0x0000000021d4e1f0:   0000000000200021 00000000036f1b22
0x0000000021d4e200:   000000002aaad2b8 0000000023d34608
0x0000000021d4e210:   0000000000200021 0000000021d4e2b8
0x0000000021d4e220:   0000000000000000 00000000036f1df0 

Instructions: (pc=0x0000000067149978)
0x0000000067149958:   85 c0 75 0a 8b 43 30 a9 00 00 00 30 74 08 48 8b
0x0000000067149968:   cb e8 52 94 0e 00 c7 83 70 02 00 00 06 00 00 00
0x0000000067149978:   4c 8b 06 48 63 15 4a cb 69 00 44 0f b6 0d 56 6b
0x0000000067149988:   6b 00 8b 0d 08 9e 64 00 4c 8b 15 f9 9d 64 00 49 


Register to memory mapping:

RAX=0x0000000000000000 is an unknown value
RBX=0x00000000205bd800 is a thread
RCX=0x0000000000000d80 is an unknown value
RDX=0x0000000000000000 is an unknown value
RSP=0x0000000021d4e130 is pointing into the stack for thread: 0x00000000205bd800
RBP=0x000000000000017f is an unknown value
RSI=0x0000000000000000 is an unknown value
RDI=0x0000000000000000 is an unknown value
R8 =0x0000000000000000 is an unknown value
R9 =0x000000000000017f is an unknown value
R10=0x00000000036f1dc4 is at code_begin+1700 in an Interpreter codelet
method entry point (kind = native)  [0x00000000036f1720, 0x00000000036f27e0]  4288 bytes
R11=0x000000006721bcb0 is an unknown value
R12=0x0000000000000001 is an unknown value
R13=0x0000000000000000 is an unknown value
R14=0x0000000021d4e2f0 is pointing into the stack for thread: 0x00000000205bd800
R15=0x0000000000000000 is an unknown value


Stack: [0x0000000021c50000,0x0000000021d50000],  sp=0x0000000021d4e130,  free space=1016k
Native frames: (J=compiled Java code, j=interpreted, Vv=VM code, C=native code)
V  [jvm.dll+0x159978]
C  [jnotify_64bit.dll+0x2e9a]

Java frames: (J=compiled Java code, j=interpreted, Vv=VM code)
j  net.contentobjects.jnotify.win32.JNotify_win32.nativeAddWatch(Ljava/lang/String;JZ)I+0
j  net.contentobjects.jnotify.win32.JNotify_win32.addWatch(Ljava/lang/String;JZ)I+3
j  net.contentobjects.jnotify.win32.JNotifyAdapterWin32.addWatch(Ljava/lang/String;IZLnet/contentobjects/jnotify/JNotifyListener;)I+5
j  net.contentobjects.jnotify.JNotify.addWatch(Ljava/lang/String;IZLnet/contentobjects/jnotify/JNotifyListener;)I+7
j  com.rdexpense.manager.imgsys.ImgFileCreationMonitor.beginWatch()V+13
j  com.rdexpense.manager.imgsys.ApplicationStartup.onApplicationEvent(Lorg/springframework/context/event/ContextRefreshedEvent;)V+60
j  com.rdexpense.manager.imgsys.ApplicationStartup.onApplicationEvent(Lorg/springframework/context/ApplicationEvent;)V+5
j  org.springframework.context.event.SimpleApplicationEventMulticaster.doInvokeListener(Lorg/springframework/context/ApplicationListener;Lorg/springframework/context/ApplicationEvent;)V+2
j  org.springframework.context.event.SimpleApplicationEventMulticaster.invokeListener(Lorg/springframework/context/ApplicationListener;Lorg/springframework/context/ApplicationEvent;)V+34
j  org.springframework.context.event.SimpleApplicationEventMulticaster.multicastEvent(Lorg/springframework/context/ApplicationEvent;Lorg/springframework/core/ResolvableType;)V+83
j  org.springframework.context.support.AbstractApplicationContext.publishEvent(Ljava/lang/Object;Lorg/springframework/core/ResolvableType;)V+70
j  org.springframework.context.support.AbstractApplicationContext.publishEvent(Lorg/springframework/context/ApplicationEvent;)V+3
j  org.springframework.context.support.AbstractApplicationContext.finishRefresh()V+26
j  org.springframework.context.support.AbstractApplicationContext.refresh()V+58
j  org.springframework.boot.web.servlet.context.ServletWebServerApplicationContext.refresh()V+1
j  org.springframework.boot.SpringApplication.refresh(Lorg/springframework/context/ConfigurableApplicationContext;)V+1
j  org.springframework.boot.SpringApplication.refresh(Lorg/springframework/context/ApplicationContext;)V+11
j  org.springframework.boot.SpringApplication.refreshContext(Lorg/springframework/context/ConfigurableApplicationContext;)V+2
j  org.springframework.boot.SpringApplication.run([Ljava/lang/String;)Lorg/springframework/context/ConfigurableApplicationContext;+118
j  com.rdexpense.RdexpenseApplication.main([Ljava/lang/String;)V+19
v  ~StubRoutines::call_stub
j  sun.reflect.NativeMethodAccessorImpl.invoke0(Ljava/lang/reflect/Method;Ljava/lang/Object;[Ljava/lang/Object;)Ljava/lang/Object;+0
j  sun.reflect.NativeMethodAccessorImpl.invoke(Ljava/lang/Object;[Ljava/lang/Object;)Ljava/lang/Object;+100
j  sun.reflect.DelegatingMethodAccessorImpl.invoke(Ljava/lang/Object;[Ljava/lang/Object;)Ljava/lang/Object;+6
j  java.lang.reflect.Method.invoke(Ljava/lang/Object;[Ljava/lang/Object;)Ljava/lang/Object;+56
j  org.springframework.boot.devtools.restart.RestartLauncher.run()V+41
v  ~StubRoutines::call_stub

---------------  P R O C E S S  ---------------

Java Threads: ( => current thread )
  0x00000000256f4800 JavaThread "lettuce-eventExecutorLoop-1-3" daemon [_thread_blocked, id=21516, stack(0x000000002bf00000,0x000000002c000000)]
  0x00000000256fb000 JavaThread "lettuce-eventExecutorLoop-1-2" daemon [_thread_blocked, id=9264, stack(0x000000002be00000,0x000000002bf00000)]
  0x00000000256f8000 JavaThread "lettuce-eventExecutorLoop-1-1" daemon [_thread_blocked, id=720, stack(0x000000002bd00000,0x000000002be00000)]
  0x00000000256f7800 JavaThread "lettuce-nioEventLoop-6-1" daemon [_thread_in_native, id=21720, stack(0x000000002abf0000,0x000000002acf0000)]
  0x00000000256f9000 JavaThread "Keep-Alive-Timer" daemon [_thread_blocked, id=18340, stack(0x000000002a8f0000,0x000000002a9f0000)]
  0x00000000256f9800 JavaThread "RMI TCP Connection(2)-192.168.56.1" daemon [_thread_in_native, id=12480, stack(0x000000002a7f0000,0x000000002a8f0000)]
  0x00000000256f6800 JavaThread "http-nio-1011-Acceptor" daemon [_thread_in_native, id=13812, stack(0x000000002a2f0000,0x000000002a3f0000)]
  0x00000000256f6000 JavaThread "http-nio-1011-ClientPoller" daemon [_thread_in_native, id=18912, stack(0x000000002a1f0000,0x000000002a2f0000)]
  0x00000000256fa800 JavaThread "http-nio-1011-exec-10" daemon [_thread_blocked, id=10020, stack(0x000000002a0f0000,0x000000002a1f0000)]
  0x00000000256f5000 JavaThread "http-nio-1011-exec-9" daemon [_thread_blocked, id=14960, stack(0x0000000029ff0000,0x000000002a0f0000)]
  0x00000000256d2800 JavaThread "http-nio-1011-exec-8" daemon [_thread_blocked, id=11432, stack(0x0000000029ef0000,0x0000000029ff0000)]
  0x00000000256cf800 JavaThread "http-nio-1011-exec-7" daemon [_thread_blocked, id=21320, stack(0x0000000029df0000,0x0000000029ef0000)]
  0x00000000256d1800 JavaThread "http-nio-1011-exec-6" daemon [_thread_blocked, id=18324, stack(0x0000000029cf0000,0x0000000029df0000)]
  0x00000000256d1000 JavaThread "http-nio-1011-exec-5" daemon [_thread_blocked, id=8600, stack(0x0000000029bf0000,0x0000000029cf0000)]
  0x00000000256cc800 JavaThread "http-nio-1011-exec-4" daemon [_thread_blocked, id=21488, stack(0x0000000029af0000,0x0000000029bf0000)]
  0x00000000256ce800 JavaThread "http-nio-1011-exec-3" daemon [_thread_blocked, id=13816, stack(0x00000000299f0000,0x0000000029af0000)]
  0x00000000256cd000 JavaThread "http-nio-1011-exec-2" daemon [_thread_blocked, id=7704, stack(0x00000000298f0000,0x00000000299f0000)]
  0x00000000256ce000 JavaThread "http-nio-1011-exec-1" daemon [_thread_blocked, id=2900, stack(0x00000000297f0000,0x00000000298f0000)]
  0x00000000256d3000 JavaThread "http-nio-1011-BlockPoller" daemon [_thread_in_native, id=21536, stack(0x00000000296f0000,0x00000000297f0000)]
  0x0000000024b10800 JavaThread "File Watcher" daemon [_thread_blocked, id=21384, stack(0x00000000295f0000,0x00000000296f0000)]
  0x0000000024b15800 JavaThread "redisson-netty-4-32" [_thread_in_native, id=22036, stack(0x0000000028af0000,0x0000000028bf0000)]
  0x0000000024b15000 JavaThread "redisson-netty-4-31" [_thread_in_native, id=2880, stack(0x00000000289f0000,0x0000000028af0000)]
  0x0000000024b12000 JavaThread "redisson-netty-4-30" [_thread_in_native, id=6068, stack(0x00000000288f0000,0x00000000289f0000)]
  0x0000000024b14000 JavaThread "redisson-netty-4-29" [_thread_in_native, id=21920, stack(0x00000000287f0000,0x00000000288f0000)]
  0x0000000024b12800 JavaThread "redisson-netty-4-28" [_thread_in_native, id=12708, stack(0x00000000286f0000,0x00000000287f0000)]
  0x0000000024b11000 JavaThread "redisson-netty-4-27" [_thread_in_native, id=656, stack(0x00000000285f0000,0x00000000286f0000)]
  0x0000000024b0f800 JavaThread "redisson-netty-4-26" [_thread_in_native, id=21532, stack(0x00000000284f0000,0x00000000285f0000)]
  0x0000000024b13800 JavaThread "redisson-netty-4-25" [_thread_in_native, id=21276, stack(0x00000000283f0000,0x00000000284f0000)]
  0x0000000024b08000 JavaThread "redisson-netty-4-24" [_thread_in_native, id=17896, stack(0x00000000282f0000,0x00000000283f0000)]
  0x0000000024b0f000 JavaThread "redisson-netty-4-23" [_thread_in_native, id=10948, stack(0x00000000281f0000,0x00000000282f0000)]
  0x0000000024b07800 JavaThread "redisson-netty-4-22" [_thread_in_native, id=10100, stack(0x00000000280f0000,0x00000000281f0000)]
  0x0000000024b0e000 JavaThread "redisson-netty-4-21" [_thread_in_native, id=13388, stack(0x0000000027ff0000,0x00000000280f0000)]
  0x0000000024b0a800 JavaThread "redisson-netty-4-20" [_thread_in_native, id=19412, stack(0x0000000027ef0000,0x0000000027ff0000)]
  0x0000000024b09800 JavaThread "redisson-netty-4-19" [_thread_in_native, id=19784, stack(0x0000000027df0000,0x0000000027ef0000)]
  0x0000000024b09000 JavaThread "redisson-netty-4-18" [_thread_in_native, id=17580, stack(0x0000000027cf0000,0x0000000027df0000)]
  0x0000000024b0d800 JavaThread "redisson-netty-4-17" [_thread_in_native, id=21508, stack(0x0000000027bf0000,0x0000000027cf0000)]
  0x0000000024b0c800 JavaThread "redisson-netty-4-16" [_thread_in_native, id=12896, stack(0x0000000027af0000,0x0000000027bf0000)]
  0x0000000024b0c000 JavaThread "redisson-netty-4-15" [_thread_in_native, id=21636, stack(0x00000000279f0000,0x0000000027af0000)]
  0x0000000024b0b000 JavaThread "redisson-netty-4-14" [_thread_in_native, id=20376, stack(0x00000000278f0000,0x00000000279f0000)]
  0x00000000205bc800 JavaThread "redisson-netty-4-13" [_thread_in_native, id=18864, stack(0x00000000277f0000,0x00000000278f0000)]
  0x0000000020a35800 JavaThread "redisson-netty-4-12" [_thread_in_native, id=2264, stack(0x00000000276f0000,0x00000000277f0000)]
  0x0000000020a31000 JavaThread "redisson-netty-4-11" [_thread_in_native, id=19668, stack(0x00000000275f0000,0x00000000276f0000)]
  0x0000000020a34000 JavaThread "redisson-netty-4-10" [_thread_in_native, id=13680, stack(0x00000000274f0000,0x00000000275f0000)]
  0x0000000020a32800 JavaThread "redisson-netty-4-9" [_thread_in_native, id=17928, stack(0x00000000273f0000,0x00000000274f0000)]
  0x0000000020a30800 JavaThread "redisson-netty-4-8" [_thread_in_native, id=22412, stack(0x00000000272f0000,0x00000000273f0000)]
  0x0000000020a37000 JavaThread "redisson-netty-4-7" [_thread_in_native, id=18656, stack(0x00000000271f0000,0x00000000272f0000)]
  0x0000000020a33800 JavaThread "redisson-netty-4-6" [_thread_in_native, id=19348, stack(0x00000000270f0000,0x00000000271f0000)]
  0x0000000020a32000 JavaThread "redisson-netty-4-5" [_thread_in_native, id=20736, stack(0x0000000026ff0000,0x00000000270f0000)]
  0x0000000020a35000 JavaThread "redisson-netty-4-4" [_thread_in_native, id=10152, stack(0x0000000026ef0000,0x0000000026ff0000)]
  0x0000000020a2f800 JavaThread "redisson-netty-4-3" [_thread_in_native, id=21756, stack(0x0000000026df0000,0x0000000026ef0000)]
  0x0000000020a36800 JavaThread "redisson-netty-4-2" [_thread_in_native, id=1964, stack(0x0000000026cf0000,0x0000000026df0000)]
  0x0000000020a2c800 JavaThread "redisson-netty-4-1" [_thread_in_native, id=4312, stack(0x0000000026bf0000,0x0000000026cf0000)]
  0x0000000020a2b000 JavaThread "Thread-33" daemon [_thread_in_native, id=15896, stack(0x0000000026af0000,0x0000000026bf0000)]
  0x0000000020a2a800 JavaThread "container-0" [_thread_blocked, id=8356, stack(0x0000000025bf0000,0x0000000025cf0000)]
  0x0000000020a2d800 JavaThread "Catalina-utility-2" [_thread_blocked, id=21212, stack(0x0000000025af0000,0x0000000025bf0000)]
  0x0000000020a2f000 JavaThread "Catalina-utility-1" [_thread_blocked, id=15536, stack(0x0000000021d50000,0x0000000021e50000)]
  0x0000000020a29000 JavaThread "RMI Scheduler(0)" daemon [_thread_blocked, id=21572, stack(0x0000000022450000,0x0000000022550000)]
  0x00000000205be000 JavaThread "RMI TCP Connection(1)-192.168.56.1" daemon [_thread_in_native, id=9892, stack(0x0000000022250000,0x0000000022350000)]
=>0x00000000205bd800 JavaThread "restartedMain" [_thread_in_vm, id=18824, stack(0x0000000021c50000,0x0000000021d50000)]
  0x00000000205bc000 JavaThread "Thread-1" [_thread_blocked, id=4476, stack(0x0000000021b50000,0x0000000021c50000)]
  0x00000000205bb000 JavaThread "RMI TCP Accept-0" daemon [_thread_in_native, id=11784, stack(0x00000000216a0000,0x00000000217a0000)]
  0x0000000020366800 JavaThread "Service Thread" daemon [_thread_blocked, id=9584, stack(0x00000000215a0000,0x00000000216a0000)]
  0x00000000202cf800 JavaThread "C1 CompilerThread3" daemon [_thread_blocked, id=4880, stack(0x00000000214a0000,0x00000000215a0000)]
  0x00000000202ce800 JavaThread "C2 CompilerThread2" daemon [_thread_blocked, id=4368, stack(0x00000000213a0000,0x00000000214a0000)]
  0x00000000202ce000 JavaThread "C2 CompilerThread1" daemon [_thread_blocked, id=14888, stack(0x00000000212a0000,0x00000000213a0000)]
  0x00000000202cd000 JavaThread "C2 CompilerThread0" daemon [_thread_blocked, id=1272, stack(0x00000000211a0000,0x00000000212a0000)]
  0x000000001f02b000 JavaThread "JDWP Command Reader" daemon [_thread_in_native, id=8496, stack(0x000000001f8d0000,0x000000001f9d0000)]
  0x000000001f028000 JavaThread "JDWP Event Helper Thread" daemon [_thread_blocked, id=12408, stack(0x000000001f7d0000,0x000000001f8d0000)]
  0x000000001f01c800 JavaThread "JDWP Transport Listener: dt_socket" daemon [_thread_blocked, id=21852, stack(0x000000001f6d0000,0x000000001f7d0000)]
  0x000000001efba800 JavaThread "Attach Listener" daemon [_thread_blocked, id=22424, stack(0x000000001f5d0000,0x000000001f6d0000)]
  0x000000001f012800 JavaThread "Signal Dispatcher" daemon [_thread_blocked, id=9840, stack(0x000000001f4d0000,0x000000001f5d0000)]
  0x000000001ef90800 JavaThread "Finalizer" daemon [_thread_blocked, id=10428, stack(0x000000001f370000,0x000000001f470000)]
  0x000000001d095000 JavaThread "Reference Handler" daemon [_thread_blocked, id=18488, stack(0x000000001ee70000,0x000000001ef70000)]
  0x000000000341c800 JavaThread "main" [_thread_blocked, id=2964, stack(0x00000000032d0000,0x00000000033d0000)]

Other Threads:
  0x000000001d08c800 VMThread [stack: 0x000000001ed70000,0x000000001ee70000] [id=15416]
  0x00000000205d1000 WatcherThread [stack: 0x00000000217a0000,0x00000000218a0000] [id=15540]

VM state:not at safepoint (normal execution)

VM Mutex/Monitor currently owned by a thread: None

Heap:
 PSYoungGen      total 1203200K, used 303250K [0x000000076b700000, 0x00000007bfa80000, 0x00000007c0000000)
  eden space 1128960K, 26% used [0x000000076b700000,0x000000077df24b80,0x00000007b0580000)
  from space 74240K, 0% used [0x00000007b0580000,0x00000007b0580000,0x00000007b4e00000)
  to   space 73728K, 0% used [0x00000007bb280000,0x00000007bb280000,0x00000007bfa80000)
 ParOldGen       total 224768K, used 40967K [0x00000006c2400000, 0x00000006cff80000, 0x000000076b700000)
  object space 224768K, 18% used [0x00000006c2400000,0x00000006c4c01c18,0x00000006cff80000)
 Metaspace       used 68240K, capacity 71674K, committed 71936K, reserved 1112064K
  class space    used 8803K, capacity 9418K, committed 9472K, reserved 1048576K

Card table byte_map: [0x0000000012a90000,0x0000000013280000] byte_map_base: 0x000000000f47e000

Marking Bits: (ParMarkBitMap*) 0x000000006780f860
 Begin Bits: [0x0000000013fd0000, 0x0000000017f40000)
 End Bits:   [0x0000000017f40000, 0x000000001beb0000)

Polling page: 0x0000000002de0000

CodeCache: size=245760Kb used=15931Kb max_used=15931Kb free=229828Kb
 bounds [0x00000000036d0000, 0x0000000004660000, 0x00000000126d0000]
 total_blobs=8478 nmethods=7861 adapters=536
 compilation: enabled

Compilation events (10 events):
Event: 37.207 Thread 0x00000000202cf800 7978       1       java.util.Hashtable::<init> (114 bytes)
Event: 37.208 Thread 0x00000000202cf800 nmethod 7978 0x000000000465db90 code [0x000000000465dde0, 0x000000000465e638]
Event: 37.209 Thread 0x00000000202cf800 7979       1       java.util.Dictionary::<init> (5 bytes)
Event: 37.209 Thread 0x00000000202cf800 nmethod 7979 0x000000000465ec10 code [0x000000000465ed60, 0x000000000465ee70]
Event: 44.828 Thread 0x00000000202cf800 7981       1       java.util.concurrent.locks.ReentrantLock$NonfairSync::tryAcquire (6 bytes)
Event: 44.828 Thread 0x00000000202cf800 nmethod 7981 0x000000000465f290 code [0x000000000465f3e0, 0x000000000465f528]
Event: 44.828 Thread 0x00000000202cf800 7982       1       java.io.ObjectStreamClass::getVariantFor (51 bytes)
Event: 44.829 Thread 0x00000000202cf800 nmethod 7982 0x000000000465f590 code [0x000000000465f700, 0x000000000465f938]
Event: 44.829 Thread 0x00000000202cf800 7983       1       java.io.ObjectStreamClass$ClassDataSlot::<init> (15 bytes)
Event: 44.830 Thread 0x00000000202cf800 nmethod 7983 0x000000000465fa10 code [0x000000000465fb60, 0x000000000465fc90]

GC Heap History (10 events):
Event: 14.289 GC heap before
{Heap before GC invocations=11 (full 2):
 PSYoungGen      total 866816K, used 547189K [0x000000076b700000, 0x00000007a9000000, 0x00000007c0000000)
  eden space 803328K, 60% used [0x000000076b700000,0x0000000788f91288,0x000000079c780000)
  from space 63488K, 99% used [0x00000007a5200000,0x00000007a8fcc560,0x00000007a9000000)
  to   space 84480K, 0% used [0x000000079eb00000,0x000000079eb00000,0x00000007a3d80000)
 ParOldGen       total 247808K, used 107148K [0x00000006c2400000, 0x00000006d1600000, 0x000000076b700000)
  object space 247808K, 43% used [0x00000006c2400000,0x00000006c8ca31b8,0x00000006d1600000)
 Metaspace       used 38768K, capacity 40744K, committed 40960K, reserved 1085440K
  class space    used 4969K, capacity 5360K, committed 5376K, reserved 1048576K
Event: 14.313 GC heap after
Heap after GC invocations=11 (full 2):
 PSYoungGen      total 924160K, used 30864K [0x000000076b700000, 0x00000007b9b00000, 0x00000007c0000000)
  eden space 839680K, 0% used [0x000000076b700000,0x000000076b700000,0x000000079eb00000)
  from space 84480K, 36% used [0x000000079eb00000,0x00000007a0924010,0x00000007a3d80000)
  to   space 78848K, 0% used [0x00000007b4e00000,0x00000007b4e00000,0x00000007b9b00000)
 ParOldGen       total 247808K, used 107220K [0x00000006c2400000, 0x00000006d1600000, 0x000000076b700000)
  object space 247808K, 43% used [0x00000006c2400000,0x00000006c8cb51c8,0x00000006d1600000)
 Metaspace       used 38768K, capacity 40744K, committed 40960K, reserved 1085440K
  class space    used 4969K, capacity 5360K, committed 5376K, reserved 1048576K
}
Event: 14.313 GC heap before
{Heap before GC invocations=12 (full 3):
 PSYoungGen      total 924160K, used 30864K [0x000000076b700000, 0x00000007b9b00000, 0x00000007c0000000)
  eden space 839680K, 0% used [0x000000076b700000,0x000000076b700000,0x000000079eb00000)
  from space 84480K, 36% used [0x000000079eb00000,0x00000007a0924010,0x00000007a3d80000)
  to   space 78848K, 0% used [0x00000007b4e00000,0x00000007b4e00000,0x00000007b9b00000)
 ParOldGen       total 247808K, used 107220K [0x00000006c2400000, 0x00000006d1600000, 0x000000076b700000)
  object space 247808K, 43% used [0x00000006c2400000,0x00000006c8cb51c8,0x00000006d1600000)
 Metaspace       used 38768K, capacity 40744K, committed 40960K, reserved 1085440K
  class space    used 4969K, capacity 5360K, committed 5376K, reserved 1048576K
Event: 14.425 GC heap after
Heap after GC invocations=12 (full 3):
 PSYoungGen      total 924160K, used 0K [0x000000076b700000, 0x00000007b9b00000, 0x00000007c0000000)
  eden space 839680K, 0% used [0x000000076b700000,0x000000076b700000,0x000000079eb00000)
  from space 84480K, 0% used [0x000000079eb00000,0x000000079eb00000,0x00000007a3d80000)
  to   space 78848K, 0% used [0x00000007b4e00000,0x00000007b4e00000,0x00000007b9b00000)
 ParOldGen       total 208896K, used 51856K [0x00000006c2400000, 0x00000006cf000000, 0x000000076b700000)
  object space 208896K, 24% used [0x00000006c2400000,0x00000006c56a4208,0x00000006cf000000)
 Metaspace       used 38768K, capacity 40744K, committed 40960K, reserved 1085440K
  class space    used 4969K, capacity 5360K, committed 5376K, reserved 1048576K
}
Event: 20.248 GC heap before
{Heap before GC invocations=13 (full 3):
 PSYoungGen      total 924160K, used 839680K [0x000000076b700000, 0x00000007b9b00000, 0x00000007c0000000)
  eden space 839680K, 100% used [0x000000076b700000,0x000000079eb00000,0x000000079eb00000)
  from space 84480K, 0% used [0x000000079eb00000,0x000000079eb00000,0x00000007a3d80000)
  to   space 78848K, 0% used [0x00000007b4e00000,0x00000007b4e00000,0x00000007b9b00000)
 ParOldGen       total 208896K, used 51856K [0x00000006c2400000, 0x00000006cf000000, 0x000000076b700000)
  object space 208896K, 24% used [0x00000006c2400000,0x00000006c56a4208,0x00000006cf000000)
 Metaspace       used 59606K, capacity 62436K, committed 62720K, reserved 1103872K
  class space    used 7622K, capacity 8143K, committed 8192K, reserved 1048576K
Event: 20.272 GC heap after
Heap after GC invocations=13 (full 3):
 PSYoungGen      total 1207808K, used 31096K [0x000000076b700000, 0x00000007ba180000, 0x00000007c0000000)
  eden space 1128960K, 0% used [0x000000076b700000,0x000000076b700000,0x00000007b0580000)
  from space 78848K, 39% used [0x00000007b4e00000,0x00000007b6c5e108,0x00000007b9b00000)
  to   space 74240K, 0% used [0x00000007b0580000,0x00000007b0580000,0x00000007b4e00000)
 ParOldGen       total 208896K, used 51864K [0x00000006c2400000, 0x00000006cf000000, 0x000000076b700000)
  object space 208896K, 24% used [0x00000006c2400000,0x00000006c56a6208,0x00000006cf000000)
 Metaspace       used 59606K, capacity 62436K, committed 62720K, reserved 1103872K
  class space    used 7622K, capacity 8143K, committed 8192K, reserved 1048576K
}
Event: 22.103 GC heap before
{Heap before GC invocations=14 (full 3):
 PSYoungGen      total 1207808K, used 221570K [0x000000076b700000, 0x00000007ba180000, 0x00000007c0000000)
  eden space 1128960K, 16% used [0x000000076b700000,0x00000007771029a8,0x00000007b0580000)
  from space 78848K, 39% used [0x00000007b4e00000,0x00000007b6c5e108,0x00000007b9b00000)
  to   space 74240K, 0% used [0x00000007b0580000,0x00000007b0580000,0x00000007b4e00000)
 ParOldGen       total 208896K, used 51864K [0x00000006c2400000, 0x00000006cf000000, 0x000000076b700000)
  object space 208896K, 24% used [0x00000006c2400000,0x00000006c56a6208,0x00000006cf000000)
 Metaspace       used 64851K, capacity 68100K, committed 68224K, reserved 1107968K
  class space    used 8431K, capacity 9005K, committed 9088K, reserved 1048576K
Event: 22.118 GC heap after
Heap after GC invocations=14 (full 3):
 PSYoungGen      total 1203200K, used 9684K [0x000000076b700000, 0x00000007bfa80000, 0x00000007c0000000)
  eden space 1128960K, 0% used [0x000000076b700000,0x000000076b700000,0x00000007b0580000)
  from space 74240K, 13% used [0x00000007b0580000,0x00000007b0ef5150,0x00000007b4e00000)
  to   space 73728K, 0% used [0x00000007bb280000,0x00000007bb280000,0x00000007bfa80000)
 ParOldGen       total 208896K, used 67132K [0x00000006c2400000, 0x00000006cf000000, 0x000000076b700000)
  object space 208896K, 32% used [0x00000006c2400000,0x00000006c658f130,0x00000006cf000000)
 Metaspace       used 64851K, capacity 68100K, committed 68224K, reserved 1107968K
  class space    used 8431K, capacity 9005K, committed 9088K, reserved 1048576K
}
Event: 22.118 GC heap before
{Heap before GC invocations=15 (full 4):
 PSYoungGen      total 1203200K, used 9684K [0x000000076b700000, 0x00000007bfa80000, 0x00000007c0000000)
  eden space 1128960K, 0% used [0x000000076b700000,0x000000076b700000,0x00000007b0580000)
  from space 74240K, 13% used [0x00000007b0580000,0x00000007b0ef5150,0x00000007b4e00000)
  to   space 73728K, 0% used [0x00000007bb280000,0x00000007bb280000,0x00000007bfa80000)
 ParOldGen       total 208896K, used 67132K [0x00000006c2400000, 0x00000006cf000000, 0x000000076b700000)
  object space 208896K, 32% used [0x00000006c2400000,0x00000006c658f130,0x00000006cf000000)
 Metaspace       used 64851K, capacity 68100K, committed 68224K, reserved 1107968K
  class space    used 8431K, capacity 9005K, committed 9088K, reserved 1048576K
Event: 22.232 GC heap after
Heap after GC invocations=15 (full 4):
 PSYoungGen      total 1203200K, used 0K [0x000000076b700000, 0x00000007bfa80000, 0x00000007c0000000)
  eden space 1128960K, 0% used [0x000000076b700000,0x000000076b700000,0x00000007b0580000)
  from space 74240K, 0% used [0x00000007b0580000,0x00000007b0580000,0x00000007b4e00000)
  to   space 73728K, 0% used [0x00000007bb280000,0x00000007bb280000,0x00000007bfa80000)
 ParOldGen       total 224768K, used 40967K [0x00000006c2400000, 0x00000006cff80000, 0x000000076b700000)
  object space 224768K, 18% used [0x00000006c2400000,0x00000006c4c01c18,0x00000006cff80000)
 Metaspace       used 64765K, capacity 67944K, committed 68224K, reserved 1107968K
  class space    used 8416K, capacity 8979K, committed 9088K, reserved 1048576K
}

Deoptimization events (0 events):
No events

Classes redefined (0 events):
No events

Internal exceptions (10 events):
Event: 23.205 Thread 0x00000000205bd800 Exception <a 'java/lang/ArrayIndexOutOfBoundsException'> (0x0000000776dab108) thrown at [C:\re\workspace\8-2-build-windows-amd64-cygwin\jdk8u161\10277\hotspot\src\share\vm\runtime\sharedRuntime.cpp, line 605]
Event: 23.205 Thread 0x00000000205bd800 Exception <a 'java/lang/ArrayIndexOutOfBoundsException'> (0x0000000776dac7c0) thrown at [C:\re\workspace\8-2-build-windows-amd64-cygwin\jdk8u161\10277\hotspot\src\share\vm\runtime\sharedRuntime.cpp, line 605]
Event: 23.205 Thread 0x00000000205bd800 Exception <a 'java/lang/ArrayIndexOutOfBoundsException'> (0x0000000776dadfc0) thrown at [C:\re\workspace\8-2-build-windows-amd64-cygwin\jdk8u161\10277\hotspot\src\share\vm\runtime\sharedRuntime.cpp, line 605]
Event: 23.205 Thread 0x00000000205bd800 Exception <a 'java/lang/ArrayIndexOutOfBoundsException'> (0x0000000776db5f00) thrown at [C:\re\workspace\8-2-build-windows-amd64-cygwin\jdk8u161\10277\hotspot\src\share\vm\runtime\sharedRuntime.cpp, line 605]
Event: 23.205 Thread 0x00000000205bd800 Exception <a 'java/lang/ArrayIndexOutOfBoundsException'> (0x0000000776db73b0) thrown at [C:\re\workspace\8-2-build-windows-amd64-cygwin\jdk8u161\10277\hotspot\src\share\vm\runtime\sharedRuntime.cpp, line 605]
Event: 34.965 Thread 0x00000000205bd800 Exception <a 'java/lang/UnsatisfiedLinkError': io.netty.channel.epoll.Native.offsetofEpollData()I> (0x000000077ae4e388) thrown at [C:\re\workspace\8-2-build-windows-amd64-cygwin\jdk8u161\10277\hotspot\src\share\vm\prims\nativeLookup.cpp, line 378]
Event: 34.966 Thread 0x00000000205bd800 Exception <a 'java/lang/ExceptionInInitializerError'> (0x000000077ae4f3b8) thrown at [C:\re\workspace\8-2-build-windows-amd64-cygwin\jdk8u161\10277\hotspot\src\share\vm\oops\instanceKlass.cpp, line 964]
Event: 34.994 Thread 0x00000000205bd800 Exception <a 'java/lang/UnsatisfiedLinkError': io.netty.channel.kqueue.Native.sizeofKEvent()I> (0x000000077b3f0de0) thrown at [C:\re\workspace\8-2-build-windows-amd64-cygwin\jdk8u161\10277\hotspot\src\share\vm\prims\nativeLookup.cpp, line 378]
Event: 34.994 Thread 0x00000000205bd800 Exception <a 'java/lang/ExceptionInInitializerError'> (0x000000077b3f16b8) thrown at [C:\re\workspace\8-2-build-windows-amd64-cygwin\jdk8u161\10277\hotspot\src\share\vm\oops\instanceKlass.cpp, line 964]
Event: 35.066 Thread 0x00000000256f7800 Exception <a 'java/lang/ArrayIndexOutOfBoundsException'> (0x000000077c7a0788) thrown at [C:\re\workspace\8-2-build-windows-amd64-cygwin\jdk8u161\10277\hotspot\src\share\vm\runtime\sharedRuntime.cpp, line 605]

Events (10 events):
Event: 44.832 loading class net/contentobjects/jnotify/win32/JNotifyAdapterWin32
Event: 44.832 loading class net/contentobjects/jnotify/win32/JNotifyAdapterWin32 done
Event: 44.835 loading class net/contentobjects/jnotify/IJNotify
Event: 44.835 loading class net/contentobjects/jnotify/IJNotify done
Event: 44.838 loading class net/contentobjects/jnotify/win32/JNotifyAdapterWin32$1
Event: 44.838 loading class net/contentobjects/jnotify/win32/JNotifyAdapterWin32$1 done
Event: 44.842 loading class net/contentobjects/jnotify/win32/IWin32NotifyListener
Event: 44.842 loading class net/contentobjects/jnotify/win32/IWin32NotifyListener done
Event: 44.845 loading class net/contentobjects/jnotify/win32/JNotify_win32
Event: 44.845 loading class net/contentobjects/jnotify/win32/JNotify_win32 done


Dynamic libraries:
0x00007ff697f40000 - 0x00007ff697f77000 	C:\Program Files\Java\jdk1.8.0_161\bin\java.exe
0x00007ffc1e000000 - 0x00007ffc1e1f0000 	C:\Windows\SYSTEM32\ntdll.dll
0x00007ffc1dd10000 - 0x00007ffc1ddc2000 	C:\Windows\System32\KERNEL32.DLL
0x00007ffc1b7b0000 - 0x00007ffc1ba55000 	C:\Windows\System32\KERNELBASE.dll
0x00007ffc1c2f0000 - 0x00007ffc1c393000 	C:\Windows\System32\ADVAPI32.dll
0x00007ffc1c520000 - 0x00007ffc1c5be000 	C:\Windows\System32\msvcrt.dll
0x00007ffc1ce50000 - 0x00007ffc1cee7000 	C:\Windows\System32\sechost.dll
0x00007ffc1d490000 - 0x00007ffc1d5af000 	C:\Windows\System32\RPCRT4.dll
0x00007ffc1c5c0000 - 0x00007ffc1c754000 	C:\Windows\System32\USER32.dll
0x00007ffc1bff0000 - 0x00007ffc1c011000 	C:\Windows\System32\win32u.dll
0x00007ffc1d810000 - 0x00007ffc1d836000 	C:\Windows\System32\GDI32.dll
0x00007ffc1bdf0000 - 0x00007ffc1bf88000 	C:\Windows\System32\gdi32full.dll
0x00007ffc1af70000 - 0x00007ffc1b00e000 	C:\Windows\System32\msvcp_win.dll
0x00007ffc1bb90000 - 0x00007ffc1bc8a000 	C:\Windows\System32\ucrtbase.dll
0x00007ffbfd8d0000 - 0x00007ffbfdb54000 	C:\Windows\WinSxS\amd64_microsoft.windows.common-controls_6595b64144ccf1df_6.0.18362.1556_none_9e7e372fe45e41d5\COMCTL32.dll
0x00007ffc1cf00000 - 0x00007ffc1d236000 	C:\Windows\System32\combase.dll
0x00007ffc1c020000 - 0x00007ffc1c0a1000 	C:\Windows\System32\bcryptPrimitives.dll
0x00007ffc1df90000 - 0x00007ffc1dfbe000 	C:\Windows\System32\IMM32.DLL
0x0000000067890000 - 0x0000000067962000 	C:\Program Files\Java\jdk1.8.0_161\jre\bin\msvcr100.dll
0x0000000066ff0000 - 0x000000006788f000 	C:\Program Files\Java\jdk1.8.0_161\jre\bin\server\jvm.dll
0x00007ffc1df80000 - 0x00007ffc1df88000 	C:\Windows\System32\PSAPI.DLL
0x00007ffc135f0000 - 0x00007ffc135fa000 	C:\Windows\SYSTEM32\VERSION.dll
0x00007ffc18250000 - 0x00007ffc18274000 	C:\Windows\SYSTEM32\WINMM.dll
0x00007ffbf5310000 - 0x00007ffbf5319000 	C:\Windows\SYSTEM32\WSOCK32.dll
0x00007ffc1d240000 - 0x00007ffc1d2af000 	C:\Windows\System32\WS2_32.dll
0x00007ffc18220000 - 0x00007ffc1824d000 	C:\Windows\SYSTEM32\winmmbase.dll
0x00007ffc1ba90000 - 0x00007ffc1bada000 	C:\Windows\System32\cfgmgr32.dll
0x0000000066fe0000 - 0x0000000066fef000 	C:\Program Files\Java\jdk1.8.0_161\jre\bin\verify.dll
0x0000000066fb0000 - 0x0000000066fd9000 	C:\Program Files\Java\jdk1.8.0_161\jre\bin\java.dll
0x0000000068cb0000 - 0x0000000068ce5000 	C:\Program Files\Java\jdk1.8.0_161\jre\bin\jdwp.dll
0x0000000066e70000 - 0x0000000066e78000 	C:\Program Files\Java\jdk1.8.0_161\jre\bin\npt.dll
0x0000000066f10000 - 0x0000000066f33000 	C:\Program Files\Java\jdk1.8.0_161\jre\bin\instrument.dll
0x0000000066f90000 - 0x0000000066fa6000 	C:\Program Files\Java\jdk1.8.0_161\jre\bin\zip.dll
0x00007ffc1c760000 - 0x00007ffc1ce47000 	C:\Windows\System32\SHELL32.dll
0x00007ffc1d620000 - 0x00007ffc1d6c8000 	C:\Windows\System32\shcore.dll
0x00007ffc1b010000 - 0x00007ffc1b78b000 	C:\Windows\System32\windows.storage.dll
0x00007ffc1af50000 - 0x00007ffc1af6e000 	C:\Windows\System32\profapi.dll
0x00007ffc1af00000 - 0x00007ffc1af4a000 	C:\Windows\System32\powrprof.dll
0x00007ffc1aeb0000 - 0x00007ffc1aec0000 	C:\Windows\System32\UMPDC.dll
0x00007ffc1d350000 - 0x00007ffc1d3a2000 	C:\Windows\System32\shlwapi.dll
0x00007ffc1aec0000 - 0x00007ffc1aed1000 	C:\Windows\System32\kernel.appcore.dll
0x00007ffc1b790000 - 0x00007ffc1b7a7000 	C:\Windows\System32\cryptsp.dll
0x0000000066e60000 - 0x0000000066e69000 	C:\Program Files\Java\jdk1.8.0_161\jre\bin\dt_socket.dll
0x00007ffc1a6a0000 - 0x00007ffc1a707000 	C:\Windows\system32\mswsock.dll
0x0000000066f70000 - 0x0000000066f8a000 	C:\Program Files\Java\jdk1.8.0_161\jre\bin\net.dll
0x00007ffc1a400000 - 0x00007ffc1a4cb000 	C:\Windows\SYSTEM32\DNSAPI.dll
0x00007ffc1d3b0000 - 0x00007ffc1d3b8000 	C:\Windows\System32\NSI.dll
0x00007ffc1a3c0000 - 0x00007ffc1a3fa000 	C:\Windows\SYSTEM32\IPHLPAPI.DLL
0x00007ffc0ef00000 - 0x00007ffc0ef0a000 	C:\Windows\System32\rasadhlp.dll
0x00007ffc11420000 - 0x00007ffc11497000 	C:\Windows\System32\fwpuclnt.dll
0x00007ffc1ba60000 - 0x00007ffc1ba86000 	C:\Windows\System32\bcrypt.dll
0x0000000066f40000 - 0x0000000066f4d000 	C:\Program Files\Java\jdk1.8.0_161\jre\bin\management.dll
0x0000000066f50000 - 0x0000000066f61000 	C:\Program Files\Java\jdk1.8.0_161\jre\bin\nio.dll
0x00007ffc1a1d0000 - 0x00007ffc1a203000 	C:\Windows\system32\rsaenh.dll
0x00007ffc1ada0000 - 0x00007ffc1adc5000 	C:\Windows\SYSTEM32\USERENV.dll
0x00007ffc1a820000 - 0x00007ffc1a82c000 	C:\Windows\SYSTEM32\CRYPTBASE.dll
0x00007ffc11ae0000 - 0x00007ffc11af6000 	C:\Windows\SYSTEM32\dhcpcsvc6.DLL
0x00007ffc11ac0000 - 0x00007ffc11adc000 	C:\Windows\SYSTEM32\dhcpcsvc.DLL
0x00007ffbf3dc0000 - 0x00007ffbf3dd6000 	C:\Windows\system32\napinsp.dll
0x00007ffbf3cc0000 - 0x00007ffbf3cda000 	C:\Windows\system32\pnrpnsp.dll
0x00007ffbf3c90000 - 0x00007ffbf3c9e000 	C:\Windows\System32\winrnr.dll
0x00007ffc16900000 - 0x00007ffc1691c000 	C:\Windows\system32\NLAapi.dll
0x00007ffc163a0000 - 0x00007ffc163b5000 	C:\Windows\system32\wshbth.dll
0x0000000066ee0000 - 0x0000000066f04000 	C:\Program Files\Java\jdk1.8.0_161\jre\bin\sunec.dll
0x0000000066ed0000 - 0x0000000066edb000 	C:\Program Files\Java\jdk1.8.0_161\jre\bin\sunmscapi.dll
0x00007ffc1bc90000 - 0x00007ffc1bde1000 	C:\Windows\System32\CRYPT32.dll
0x00007ffc1aee0000 - 0x00007ffc1aef2000 	C:\Windows\System32\MSASN1.dll
0x000000002c000000 - 0x000000002c10f000 	C:\Program Files\Java\jdk1.8.0_161\bin\jnotify_64bit.dll
0x00007ffc18280000 - 0x00007ffc18474000 	C:\Windows\SYSTEM32\dbghelp.dll

VM Arguments:
jvm_args: -agentlib:jdwp=transport=dt_socket,address=127.0.0.1:53960,suspend=y,server=n -XX:TieredStopAtLevel=1 -Xverify:none -Dspring.output.ansi.enabled=always -Dcom.sun.management.jmxremote -Dspring.jmx.enabled=true -Dspring.liveBeansView.mbeanDomain -Dspring.application.admin.enabled=true -javaagent:D:\tools\ideaIU-2019.3.win\plugins\java\lib\rt\debugger-agent.jar -Dfile.encoding=UTF-8 
java_command: com.rdexpense.RdexpenseApplication
java_class_path (initial): C:\Program Files\Java\jdk1.8.0_161\jre\lib\charsets.jar;C:\Program Files\Java\jdk1.8.0_161\jre\lib\deploy.jar;C:\Program Files\Java\jdk1.8.0_161\jre\lib\ext\access-bridge-64.jar;C:\Program Files\Java\jdk1.8.0_161\jre\lib\ext\cldrdata.jar;C:\Program Files\Java\jdk1.8.0_161\jre\lib\ext\dnsns.jar;C:\Program Files\Java\jdk1.8.0_161\jre\lib\ext\jaccess.jar;C:\Program Files\Java\jdk1.8.0_161\jre\lib\ext\jfxrt.jar;C:\Program Files\Java\jdk1.8.0_161\jre\lib\ext\localedata.jar;C:\Program Files\Java\jdk1.8.0_161\jre\lib\ext\nashorn.jar;C:\Program Files\Java\jdk1.8.0_161\jre\lib\ext\sunec.jar;C:\Program Files\Java\jdk1.8.0_161\jre\lib\ext\sunjce_provider.jar;C:\Program Files\Java\jdk1.8.0_161\jre\lib\ext\sunmscapi.jar;C:\Program Files\Java\jdk1.8.0_161\jre\lib\ext\sunpkcs11.jar;C:\Program Files\Java\jdk1.8.0_161\jre\lib\ext\zipfs.jar;C:\Program Files\Java\jdk1.8.0_161\jre\lib\javaws.jar;C:\Program Files\Java\jdk1.8.0_161\jre\lib\jce.jar;C:\Program Files\Java\jdk1.8.0_161\jre\lib\jfr.jar;C:\Program Files\Java\jdk1.8.0_161\jre\lib\jfxswt.jar;C:\Program Files\Java\jdk1.8.0_161\jre\lib\jsse.jar;C:\Program Files\Java\jdk1.8.0_161\jre\lib\management-agent.jar;C:\Program Files\Java\jdk1.8.0_161\jre\lib\plugin.jar;C:\Program Files\Java\jdk1.8.0_161\jre\lib\resources.jar;C:\Program Files\Java\jdk1.8.0_161\jre\lib\rt.jar;E:\ydcloud\rdexpense-back\rdexpense-manager\target\classes;C:\Users\ThinkPad\.m2\repository\javax\persistence\javax.persistence-api\2.2\javax.persistence-api-2.2.jar;C:\Users\ThinkPad\.m2\repository\org\springframework\security\oauth\spring-security-oauth2\2.3.4.RELEASE\spring-security-oauth2-2.3.4.RELEASE.jar;C:\Users\ThinkPad\.m2\repository\org\springframework\spring-beans\5.2.6.RELEASE\spring-beans-5.2.6.RELEASE.jar;C:\Users\ThinkPad\.m2\repository\org\springframework\spring-core\5.2.6.RELEASE\spring-core-5.2.6.RELEASE.jar;C:\Users\ThinkPad\.m2\repository\org\springframework\spring-jcl\5.2.6.RELEASE\spring-jcl-5.2.6.RELEASE.jar;C:\Users\T
Launcher Type: SUN_STANDARD

Environment Variables:
JAVA_HOME=C:\Program Files\Java\jdk1.8.0_161
PATH=C:\Program Files (x86)\Common Files\Oracle\Java\javapath;C:\ProgramData\Oracle\Java\javapath;C:\Windows\system32;C:\Windows;C:\Windows\System32\Wbem;C:\Windows\System32\WindowsPowerShell\v1.0\;C:\Windows\System32\OpenSSH\;C:\Program Files\Java\jdk1.8.0_161\bin;D:\develop_tools\apache-maven-3.5.2\bin;D:\develop_tools\redis\;D:\develop_tools\nodeJs\;D:\develop_tools\yarn\bin\;D:\develop_tools\Git\cmd;C:\Program Files\Intel\WiFi\bin\;C:\Program Files\Common Files\Intel\WirelessCommon\;C:\TDM-GCC-64\bin;C:\Program Files\Microsoft SQL Server\Client SDK\ODBC\170\Tools\Binn\;C:\Program Files (x86)\Microsoft SQL Server\150\Tools\Binn\;C:\Program Files\Microsoft SQL Server\150\Tools\Binn\;C:\Program Files\Microsoft SQL Server\150\DTS\Binn\;C:\Program Files\Azure Data Studio\bin;C:\Program Files (x86)\Microsoft SQL Server\160\DTS\Binn\;C:\Users\ThinkPad\AppData\Local\Microsoft\WindowsApps;C:\Users\ThinkPad\AppData\Roaming\npm;C:\Users\ThinkPad\AppData\Local\Yarn\bin;C:\Program Files\Azure Data Studio\bin
USERNAME=ThinkPad
OS=Windows_NT
PROCESSOR_IDENTIFIER=Intel64 Family 6 Model 142 Stepping 10, GenuineIntel



---------------  S Y S T E M  ---------------

OS: Windows 10.0 , 64 bit Build 18362 (10.0.18362.1500)

CPU:total 8 (initial active 8) (4 cores per cpu, 2 threads per core) family 6 model 142 stepping 10, cmov, cx8, fxsr, mmx, sse, sse2, sse3, ssse3, sse4.1, sse4.2, popcnt, avx, avx2, aes, clmul, erms, 3dnowpref, lzcnt, ht, tsc, tscinvbit, bmi1, bmi2, adx

Memory: 4k page, physical 16628472k(5080860k free), swap 22133496k(2358780k free)

vm_info: Java HotSpot(TM) 64-Bit Server VM (25.161-b12) for windows-amd64 JRE (1.8.0_161-b12), built on Dec 19 2017 17:52:25 by "java_re" with MS VC++ 10.0 (VS2010)

time: Sun Oct 30 10:26:23 2022
elapsed time: 44 seconds (0d 0h 0m 44s)

